

<!DOCTYPE html>
<html>
<head>
<meta charset="UTF-8">
<meta name="viewport" content="width=device-width, initial-scale=1, shrink-to-fit=no">
<title>Extent Report</title>
<link rel="apple-touch-icon" href="https://cdn.jsdelivr.net/gh/extent-framework/extent-github-cdn@b00a2d0486596e73dd7326beacf352c639623a0e/commons/img/logo.png">
<link rel="shortcut icon" href="https://cdn.jsdelivr.net/gh/extent-framework/extent-github-cdn@b00a2d0486596e73dd7326beacf352c639623a0e/commons/img/logo.png">
<link href="https://cdn.jsdelivr.net/gh/extent-framework/extent-github-cdn@d6562a79075e061305ccfdb82f01e5e195e2d307/spark/css/spark-style.css" rel="stylesheet" />
<link href="https://stackpath.bootstrapcdn.com/font-awesome/4.7.0/css/font-awesome.min.css" rel="stylesheet">
<script src="https://cdn.jsdelivr.net/gh/extent-framework/extent-github-cdn@7cc78ce/spark/js/jsontree.js"></script>
<style type="text/css"></style></head><body class="spa bdd-report dark">
  <div class="app">
    <div class="layout">
<div class="header navbar">
<div class="vheader">
<div class="nav-logo">
<a href="#">
<div class="logo" style="background-image: url('https://cdn.jsdelivr.net/gh/extent-framework/extent-github-cdn@b00a2d0486596e73dd7326beacf352c639623a0e/commons/img/logo.png')"></div>
</a>
</div>
<ul class="nav-left">
<li class="search-box">
<a class="search-toggle" href="#">
<i class="search-icon fa fa-search"></i>
<i class="search-icon-close fa fa-close"></i>
</a>
</li>
<li class="search-input"><input id="search-tests" class="form-control" type="text" placeholder="Search..."></li>
</ul>
<ul class="nav-right">
<li class="m-r-10">
<a href="#"><span class="badge badge-primary">Automation Exercise Report</span></a>
</li>
<li class="m-r-10">
<a href="#"><span class="badge badge-primary">Jan 2, 2024 06:14:09 pm</span></a>
</li>
</ul>
</div>
</div><div class="side-nav">
<div class="side-nav-inner">
<ul class="side-nav-menu">
<li class="nav-item dropdown" onclick="toggleView('dashboard-view')">
<a id="nav-dashboard" class="dropdown-toggle" href="#">
<span class="ico"><i class="fa fa-bar-chart"></i></span>
</a>
</li>
<li class="nav-item dropdown" onclick="toggleView('test-view')">
<a id="nav-test" class="dropdown-toggle" href="#">
<span class="ico"><i class="fa fa-list"></i></span>
</a>
</li>
<li class="nav-item dropdown" onclick="toggleView('exception-view')">
<a id="nav-exception" class="dropdown-toggle" href="#">
<span class="ico"><i class="fa fa-bug"></i></span>
</a>
</li>
</ul>
</div>
</div>      <div class="vcontainer">
        <div class="main-content">
<div class="container-fluid p-4 view dashboard-view">
<div class="row">
<div class="col-md-3">
<div class="card"><div class="card-body">
<p class="m-b-0">Started</p>
<h3>Jan 2, 2024 06:14:09 pm</h3>
</div></div>
</div>
<div class="col-md-3">
<div class="card"><div class="card-body">
<p class="m-b-0">Ended</p>
<h3>Jan 2, 2024 06:30:04 pm</h3>
</div></div>
</div>
<div class="col-md-3">
<div class="card"><div class="card-body">
<p class="m-b-0 text-pass">Features Passed</p>
<h3>4</h3>
</div></div>
</div>
<div class="col-md-3">
<div class="card"><div class="card-body">
<p class="m-b-0 text-fail">Features Failed</p>
<h3>6</h3>
</div></div>
</div>
</div>
<div class="row">
<div class="col-md-4">
<div class="card">
<div class="card-header">
<h6 class="card-title">Features</h6>
</div>
<div class="card-body">
<div class="">
<canvas id='parent-analysis' width='115' height='90'></canvas>
</div>
</div>
<div class="card-footer">
<div><small data-tooltip='40%'>
<b>4</b> features passed
</small>
</div>
<div>
<small data-tooltip='60%'><b>6</b> features failed,
<b>0</b> skipped, <b data-tooltip='0%'>0</b> others
</small>
</div>
</div>
</div>
</div>
<div class="col-md-4">
<div class="card">
<div class="card-header">
<h6 class="card-title">Scenarios</h6>
</div>
<div class="card-body">
<div class="">
<canvas id='child-analysis' width='115' height='90'></canvas>
</div>
</div>
<div class="card-footer">
<div><small data-tooltip='57%'><b>15</b> scenarios passed</small></div>
<div>
<small data-tooltip='42%'><b>11</b> scenarios failed,
<b>0</b> skipped, <b data-tooltip='%'>0</b> others
</small>
</div>
</div>
</div>
</div>
<div class="col-md-4">
<div class="card">
<div class="card-header">
<h6 class="card-title">Steps</h6>
</div>
<div class="card-body">
<div class="">
<canvas id='grandchild-analysis' width='115' height='90'></canvas>
</div>
</div>
<div class="card-footer">
<div><small data-tooltip='73%'><b>183</b> steps passed</small></div>
<div>
<small data-tooltip='4%'><b>12</b> steps failed,
<b>53</b> skipped, <b data-tooltip='%'>0</b> others
</small>
</div>
</div>
</div>
</div>
</div>
<div class="row"><div class="col-md-12">
<div class="card"><div class="card-header"><p>Timeline</p></div>
<div class="card-body pt-0"><div>
<canvas id="timeline" height="120"></canvas>
</div></div>
</div>
</div></div>
<script>
var timeline = {
"Verify Address And Download Invoice":126.149,"Arrow test":22.987,"Cart Test":38.937,"View Category And Brand Products":56.026,"HomePage Tabs test":21.005,"Place Order Test":463.704,"Register and Login Test":142.294,"Review And Recommended Items in Cart Test":34.777,"Subscription Test":18.533,"Verify Products Test":26.215
};
</script>
<div class="row">
<div class="col-lg-6 col-md-12 sysenv-container">
<div class="card">
<div class="card-header"><p>System/Environment</p></div>
<div class="card-body pb-0 pt-0"><table class="table table-sm table-bordered">
<thead><tr class="bg-gray"><th>Name</th><th>Value</th></tr></thead>
<tbody>
<tr>
<td>Engineer</td>
<td>Hiren Patel</td>
</tr>
<tr>
<td>Project</td>
<td>Automation exercise</td>
</tr>
<tr>
<td>os</td>
<td>Windows</td>
</tr>
</tbody>
</table></div>
</div>
</div>
</div>
</div>
<script>
var statusGroup = {
parentCount: 5,
passParent: 4,
failParent: 6,
warningParent: 0,
skipParent: 0,
childCount: 5,
passChild: 15,
failChild: 11,
warningChild: 0,
skipChild: 0,
infoChild: 0,
grandChildCount: 5,
passGrandChild: 183,
failGrandChild: 12,
warningGrandChild: 0,
skipGrandChild: 53,
infoGrandChild: 0,
eventsCount: 5,
};
</script><div class="test-wrapper row view test-view">
  <div class="test-list">
    <div class="test-list-tools">
<ul class="tools pull-left">
<li><a href="#"><span class="font-size-14">Tests</span></a></li>
</ul>
<ul class="tools text-right">
<li class="dropdown">
<a href="#" class="dropdown-toggle" data-toggle="dropdown"><i class="fa fa-exclamation-circle"></i></a>
<ul id="status-toggle" class="dropdown-menu dropdown-md p-v-0">
<a class="dropdown-item" status="pass" href="#"><span>Pass</span><span class="status success"></span></a>
<a class="dropdown-item" status="fail" href="#"><span>Fail</span><span class="status danger"></span></a>
<div class="dropdown-divider"></div>
<a status="clear" class="dropdown-item" href="#"><span>Clear</span><span class="pull-right"><i class="fa fa-close"></i></span></a>
</ul>
</li>
</ul>
</div>    <div class="test-list-wrapper scrollable">
      <ul class="test-list-item">
        <li class="test-item"  status="fail" test-id="1"
          author=""
          tag=""
          device="">
          <div class="test-detail">
            <p class="name">Verify Address And Download Invoice</p>
            <p class="text-sm">
              <span>18:14:13</span> / <span>00:02:06:149</span>
              <span class="badge fail-bg log float-right">Fail</span>
            </p>
          </div>
          <div class="test-contents d-none">
<div class="detail-head">
<div class="p-v-10">
<div class="info">
<h5 class="test-status text-fail">Verify Address And Download Invoice</h5>
<span class='badge badge-success'>01.02.2024 18:14:13</span>
<span class='badge badge-danger'>01.02.2024 18:16:19</span>
<span class='badge badge-default'>00:02:06:149</span>
&middot; <span class='uri-anchor badge badge-default'>#test-id=1</span>
<span class='badge badge-default pointer float-right ml-1 et'><i class="fa fa-chevron-down"></i></span>
<span class='badge badge-default pointer float-right ct'><i class="fa fa-chevron-up"></i></span>
</div>
<div class="m-t-10 m-l-5"></div>
</div>
</div>
<div class="accordion mt-4">
  <div class="card">
    <div class="card-header" role="tab">
      <div class="card-title">
        <div class="node" id="2"><span class="badge log pass-bg mr-2">Pass</span>Verify address details in checkout page</div>
      </div>
    </div>
        <div class="collapse">
          <div class="card-body">
              <div class="step pass-bg" title="com.automationexercise.steps.HomePageSteps.iVerifyThatHomePageIsVisibleSuccessfully()">
                <span>Given I verify that Home page is visible successfully</span>
      <div>
      </div>
              </div>
              <div class="step pass-bg" title="com.automationexercise.steps.HomePageSteps.iClickOnSignupLoginButton(java.lang.String)">
                <span>When I click on 'Signup/Login' button</span>
      <div>
      </div>
              </div>
              <div class="step pass-bg" title="com.automationexercise.steps.SignupPagesteps.iFillAllDetailsInSignupAndCreateAccount()">
                <span>And I Fill all details in Signup and create account</span>
      <div>
      </div>
              </div>
              <div class="step pass-bg" title="com.automationexercise.steps.SignupPagesteps.iVerifyThatENTERACCOUNTINFORMATIONIsVisible(java.lang.String)">
                <span>Then I verify that 'ACCOUNT CREATED!' is visible</span>
      <div>
      </div>
              </div>
              <div class="step pass-bg" title="com.automationexercise.steps.SignupPagesteps.iClickContinueButton()">
                <span>And I click continue button</span>
      <div>
      </div>
              </div>
              <div class="step pass-bg" title="com.automationexercise.steps.HomePageSteps.iVerifyThatLoggedInAsUsernameIsVisible()">
                <span>And I verify  that Logged in as username is visible</span>
      <div>
      </div>
              </div>
              <div class="step pass-bg" title="com.automationexercise.steps.HomePageSteps.iAddProductToCart()">
                <span>Then I add product to cart</span>
      <div>
      </div>
              </div>
              <div class="step pass-bg" title="com.automationexercise.steps.HomePageSteps.iClickOnCartButton()">
                <span>And I click on cart button</span>
      <div>
      </div>
              </div>
              <div class="step pass-bg" title="com.automationexercise.steps.ProductPageSteps.iVerifyThatCartPageIsDisplayed()">
                <span>Then I verify that cart page is displayed</span>
      <div>
      </div>
              </div>
              <div class="step pass-bg" title="com.automationexercise.steps.ProductPageSteps.iClickProceedToCheckout()">
                <span>And I click Proceed To Checkout</span>
      <div>
      </div>
              </div>
              <div class="step pass-bg" title="com.automationexercise.steps.CheckoutPageSteps.iVerifyThatTheDeliveryAddressIsSameAddressFilledAtTheTimeRegistrationOfAccount()">
                <span>Then I Verify that the delivery address is same address filled at the time registration of account</span>
      <div>
      </div>
              </div>
              <div class="step pass-bg" title="com.automationexercise.steps.CheckoutPageSteps.iVerifyThatTheBillingAddressIsSameAddressFilledAtTheTimeRegistrationOfAccount()">
                <span>And I Verify that the billing address is same address filled at the time registration of account</span>
      <div>
      </div>
              </div>
              <div class="step pass-bg" title="com.automationexercise.steps.LoginPageSteps.iClickDeleteAccountButton()">
                <span>And I Click Delete Account button</span>
      <div>
      </div>
              </div>
              <div class="step pass-bg" title="com.automationexercise.steps.PaymentPageSteps.iVerifyACCOUNTDELETEDAndClickContinueButton(java.lang.String)">
                <span>And I verify 'ACCOUNT DELETED!' and click Continue button</span>
      <div>
      </div>
              </div>
          </div>
        </div>
  </div>
  <div class="card">
    <div class="card-header" role="tab">
      <div class="card-title">
        <div class="node" id="19"><span class="badge log fail-bg mr-2">Fail</span>Download Invoice after purchase order</div>
          <div class="status-avatar float-right mr-4">
            <i class="fa fa-paperclip"></i>
          </div>
      </div>
    </div>
        <div class="">
          <div class="card-body">
              <div class="step pass-bg" title="com.automationexercise.steps.HomePageSteps.iVerifyThatHomePageIsVisibleSuccessfully()">
                <span>Given I verify that Home page is visible successfully</span>
      <div>
      </div>
              </div>
              <div class="step pass-bg" title="com.automationexercise.steps.HomePageSteps.iAddProductToCart()">
                <span>When I add product to cart</span>
      <div>
      </div>
              </div>
              <div class="step pass-bg" title="com.automationexercise.steps.HomePageSteps.iClickOnCartButton()">
                <span>And I click on cart button</span>
      <div>
      </div>
              </div>
              <div class="step pass-bg" title="com.automationexercise.steps.ProductPageSteps.iVerifyThatCartPageIsDisplayed()">
                <span>Then I verify that cart page is displayed</span>
      <div>
      </div>
              </div>
              <div class="step pass-bg" title="com.automationexercise.steps.ProductPageSteps.iClickProceedToCheckout()">
                <span>And I click Proceed To Checkout</span>
      <div>
      </div>
              </div>
              <div class="step pass-bg" title="com.automationexercise.steps.CheckoutPageSteps.iClickRegisterLoginButton()">
                <span>And I Click Register Login button</span>
      <div>
      </div>
              </div>
              <div class="step pass-bg" title="com.automationexercise.steps.SignupPagesteps.iFillAllDetailsInSignupAndCreateAccount()">
                <span>And I Fill all details in Signup and create account</span>
      <div>
      </div>
              </div>
              <div class="step pass-bg" title="com.automationexercise.steps.SignupPagesteps.iVerifyThatENTERACCOUNTINFORMATIONIsVisible(java.lang.String)">
                <span>Then I verify that 'ACCOUNT CREATED!' is visible</span>
      <div>
      </div>
              </div>
              <div class="step pass-bg" title="com.automationexercise.steps.SignupPagesteps.iClickContinueButton()">
                <span>And I click continue button</span>
      <div>
      </div>
              </div>
              <div class="step pass-bg" title="com.automationexercise.steps.HomePageSteps.iVerifyThatLoggedInAsUsernameIsVisible()">
                <span>And I verify  that Logged in as username is visible</span>
      <div>
      </div>
              </div>
              <div class="step pass-bg" title="com.automationexercise.steps.PaymentPageSteps.iClickCartButton()">
                <span>And I click cart button</span>
      <div>
      </div>
              </div>
              <div class="step pass-bg" title="com.automationexercise.steps.ProductPageSteps.iVerifyThatCartPageIsDisplayed()">
                <span>Then I verify that cart page is displayed</span>
      <div>
      </div>
              </div>
              <div class="step pass-bg" title="com.automationexercise.steps.ProductPageSteps.iClickProceedToCheckout()">
                <span>And I click Proceed To Checkout</span>
      <div>
      </div>
              </div>
              <div class="step pass-bg" title="com.automationexercise.steps.CheckoutPageSteps.iVerifyAddressDetailsAndReviewYourOrder()">
                <span>Then I Verify Address Details and Review Your Order</span>
      <div>
      </div>
              </div>
              <div class="step pass-bg" title="com.automationexercise.steps.CheckoutPageSteps.iEnterDescriptionInCommentTextAreaAndClickPlaceOrder()">
                <span>And I  Enter description in comment text area and click Place Order</span>
      <div>
      </div>
              </div>
              <div class="step pass-bg" title="com.automationexercise.steps.PaymentPageSteps.iEnterPaymentDetailsNameOnCardCardNumberCVCExpirationDate(java.lang.String,java.lang.String,java.lang.String,java.lang.String)">
                <span>Then I enter payment details: 'Tesco Extra', '4545858565652525', '786', '12'</span>
      <div>
      </div>
              </div>
              <div class="step pass-bg" title="com.automationexercise.steps.PaymentPageSteps.iClickPayAndConfirmOrderButton()">
                <span>And I click Pay and Confirm Order button</span>
      <div>
      </div>
              </div>
              <div class="step pass-bg" title="com.automationexercise.steps.PaymentPageSteps.iVerifySuccessMessageYourOrderHasBeenPlacedSuccessfully(java.lang.String)">
                <span>Then I verify success message 'Congratulations! Your order has been confirmed!'</span>
      <div>
      </div>
              </div>
              <div class="step fail-bg" title="com.automationexercise.steps.PaymentPageSteps.iClickDownloadInvoiceButtonAndVerifyInvoiceIsDownloadedSuccessfully()">
                <span>And I Click Download Invoice button and verify invoice is downloaded successfully</span>
      <div>
        <textarea disabled class="code-block">java.lang.AssertionError: expected [true] but found [false]
	at org.testng.Assert.fail(Assert.java:111)
	at org.testng.Assert.failNotEquals(Assert.java:1578)
	at org.testng.Assert.assertTrue(Assert.java:57)
	at org.testng.Assert.assertTrue(Assert.java:67)
	at com.automationexercise.steps.PaymentPageSteps.iClickDownloadInvoiceButtonAndVerifyInvoiceIsDownloadedSuccessfully(PaymentPageSteps.java:41)
	at ✽.I Click Download Invoice button and verify invoice is downloaded successfully(file:///C:/Users/44795/Homework/automationexercise-cucumber/src/test/resources/features/addressandinvoice.feature:41)
</textarea>
      
      </div>
              </div>
              <div class="step skip-bg" title="com.automationexercise.steps.PaymentPageSteps.iClickContinueButton()">
                <span>And I click Continue button</span>
      <div>Step skipped
      </div>
              </div>
              <div class="step skip-bg" title="com.automationexercise.steps.LoginPageSteps.iClickDeleteAccountButton()">
                <span>And I Click Delete Account button</span>
      <div>Step skipped
      </div>
              </div>
              <div class="step skip-bg" title="com.automationexercise.steps.PaymentPageSteps.iVerifyACCOUNTDELETEDAndClickContinueButton(java.lang.String)">
                <span>And I verify 'ACCOUNT DELETED!' and click Continue button</span>
      <div>Step skipped
      </div>
              </div>
              <div class="step pass-bg" title="AFTER">
                <span>com.automationexercise.steps.Hooks.tearDown(io.cucumber.java.Scenario)</span>
      <div>Download Invoice after purchase order
          <div class="row mb-3"><div class="col-md-3">
<img data-featherlight='../screenshots/embedded1.png' src="../screenshots/embedded1.png">
    
    </div></div>
</div>
      <div>
      </div>
              </div>
          </div>
        </div>
  </div>
</div>
          </div>
        </li>
        <li class="test-item"  status="pass" test-id="44"
          author=""
          tag=""
          device="">
          <div class="test-detail">
            <p class="name">Arrow test</p>
            <p class="text-sm">
              <span>18:16:19</span> / <span>00:00:22:987</span>
              <span class="badge pass-bg log float-right">Pass</span>
            </p>
          </div>
          <div class="test-contents d-none">
<div class="detail-head">
<div class="p-v-10">
<div class="info">
<h5 class="test-status text-pass">Arrow test</h5>
<span class='badge badge-success'>01.02.2024 18:16:19</span>
<span class='badge badge-danger'>01.02.2024 18:16:42</span>
<span class='badge badge-default'>00:00:22:987</span>
&middot; <span class='uri-anchor badge badge-default'>#test-id=44</span>
<span class='badge badge-default pointer float-right ml-1 et'><i class="fa fa-chevron-down"></i></span>
<span class='badge badge-default pointer float-right ct'><i class="fa fa-chevron-up"></i></span>
</div>
<div class="m-t-10 m-l-5"></div>
</div>
</div>
<div class="accordion mt-4">
  <div class="card">
    <div class="card-header" role="tab">
      <div class="card-title">
        <div class="node" id="45"><span class="badge log pass-bg mr-2">Pass</span>Verify Scroll Up using 'Arrow' button and Scroll Down functionality</div>
      </div>
    </div>
        <div class="collapse">
          <div class="card-body">
              <div class="step pass-bg" title="com.automationexercise.steps.HomePageSteps.iVerifyThatHomePageIsVisibleSuccessfully()">
                <span>Given I verify that Home page is visible successfully</span>
      <div>
      </div>
              </div>
              <div class="step pass-bg" title="com.automationexercise.steps.HomePageSteps.iScrollDownPageToBottom()">
                <span>When I Scroll down page to bottom</span>
      <div>
      </div>
              </div>
              <div class="step pass-bg" title="com.automationexercise.steps.HomePageSteps.iVerifyTextSUBSCRIPTION(java.lang.String)">
                <span>Then I verify text 'SUBSCRIPTION'</span>
      <div>
      </div>
              </div>
              <div class="step pass-bg" title="com.automationexercise.steps.HomePageSteps.clickOnArrowAtBottomRightSideToMoveUpward()">
                <span>And Click on arrow at bottom right side to move upward</span>
      <div>
      </div>
              </div>
              <div class="step pass-bg" title="com.automationexercise.steps.HomePageSteps.verifyThatPageIsScrolledUpAndFullFledgedPracticeWebsiteForAutomationEngineersTextIsVisibleOnScreen(java.lang.String)">
                <span>Then Verify that page is scrolled up and 'Full-Fledged practice website for Automation Engineers' text is visible on screen</span>
      <div>
      </div>
              </div>
          </div>
        </div>
  </div>
  <div class="card">
    <div class="card-header" role="tab">
      <div class="card-title">
        <div class="node" id="53"><span class="badge log pass-bg mr-2">Pass</span>Verify Scroll Up without 'Arrow' button and Scroll Down functionality</div>
      </div>
    </div>
        <div class="collapse">
          <div class="card-body">
              <div class="step pass-bg" title="com.automationexercise.steps.HomePageSteps.iVerifyThatHomePageIsVisibleSuccessfully()">
                <span>Given I verify that Home page is visible successfully</span>
      <div>
      </div>
              </div>
              <div class="step pass-bg" title="com.automationexercise.steps.HomePageSteps.iScrollDownPageToTheBottom()">
                <span>When I Scroll down page to the bottom</span>
      <div>
      </div>
              </div>
              <div class="step pass-bg" title="com.automationexercise.steps.HomePageSteps.iVerifyTextSUBSCRIPTION(java.lang.String)">
                <span>Then I verify text 'SUBSCRIPTION'</span>
      <div>
      </div>
              </div>
              <div class="step pass-bg" title="com.automationexercise.steps.HomePageSteps.iScrollUpPageToTop()">
                <span>And I Scroll up page to top</span>
      <div>
      </div>
              </div>
              <div class="step pass-bg" title="com.automationexercise.steps.HomePageSteps.verifyThatPageIsScrolledUpAndFullFledgedPracticeWebsiteForAutomationEngineersTextIsVisibleOnScreen(java.lang.String)">
                <span>Then Verify that page is scrolled up and 'Full-Fledged practice website for Automation Engineers' text is visible on screen</span>
      <div>
      </div>
              </div>
          </div>
        </div>
  </div>
</div>
          </div>
        </li>
        <li class="test-item"  status="pass" test-id="61"
          author=""
          tag=""
          device="">
          <div class="test-detail">
            <p class="name">Cart Test</p>
            <p class="text-sm">
              <span>18:16:42</span> / <span>00:00:38:937</span>
              <span class="badge pass-bg log float-right">Pass</span>
            </p>
          </div>
          <div class="test-contents d-none">
<div class="detail-head">
<div class="p-v-10">
<div class="info">
<h5 class="test-status text-pass">Cart Test</h5>
<span class='badge badge-success'>01.02.2024 18:16:42</span>
<span class='badge badge-danger'>01.02.2024 18:17:21</span>
<span class='badge badge-default'>00:00:38:937</span>
&middot; <span class='uri-anchor badge badge-default'>#test-id=61</span>
<span class='badge badge-default pointer float-right ml-1 et'><i class="fa fa-chevron-down"></i></span>
<span class='badge badge-default pointer float-right ct'><i class="fa fa-chevron-up"></i></span>
</div>
<div class="m-t-10 m-l-5"></div>
</div>
</div>
<div class="accordion mt-4">
  <div class="card">
    <div class="card-header" role="tab">
      <div class="card-title">
        <div class="node" id="62"><span class="badge log pass-bg mr-2">Pass</span>Add Products in Cart</div>
      </div>
    </div>
        <div class="collapse">
          <div class="card-body">
              <div class="step pass-bg" title="com.automationexercise.steps.HomePageSteps.iVerifyThatHomePageIsVisibleSuccessfully()">
                <span>Given I verify that Home page is visible successfully</span>
      <div>
      </div>
              </div>
              <div class="step pass-bg" title="com.automationexercise.steps.HomePageSteps.iClickOnProductsButton()">
                <span>When I Click on products button</span>
      <div>
      </div>
              </div>
              <div class="step pass-bg" title="com.automationexercise.steps.ProductPageSteps.iHoverOverFirstProductAndClickAddToCart()">
                <span>And I Hover over first product and click Add to cart</span>
      <div>
      </div>
              </div>
              <div class="step pass-bg" title="com.automationexercise.steps.ProductPageSteps.iClickOnContinueShoppingButton()">
                <span>And I Click on Continue Shopping button</span>
      <div>
      </div>
              </div>
              <div class="step pass-bg" title="com.automationexercise.steps.ProductPageSteps.iHoverOverSecondProductAndClickAddToCart()">
                <span>And I Hover over second product and click Add to cart</span>
      <div>
      </div>
              </div>
              <div class="step pass-bg" title="com.automationexercise.steps.ProductPageSteps.iClickViewCartButton()">
                <span>And I Click View Cart button</span>
      <div>
      </div>
              </div>
              <div class="step pass-bg" title="com.automationexercise.steps.ProductPageSteps.iVerifyBothProductsAreAddedToCart()">
                <span>Then I verify both products are added to Cart</span>
      <div>
      </div>
              </div>
              <div class="step pass-bg" title="com.automationexercise.steps.ProductPageSteps.iVerifyTheirPricesQuantityAndTotalPrice()">
                <span>And I verify their prices, quantity and total price</span>
      <div>
      </div>
              </div>
          </div>
        </div>
  </div>
  <div class="card">
    <div class="card-header" role="tab">
      <div class="card-title">
        <div class="node" id="73"><span class="badge log pass-bg mr-2">Pass</span>Verify Product quantity in Cart</div>
      </div>
    </div>
        <div class="collapse">
          <div class="card-body">
              <div class="step pass-bg" title="com.automationexercise.steps.HomePageSteps.iVerifyThatHomePageIsVisibleSuccessfully()">
                <span>Given I verify that Home page is visible successfully</span>
      <div>
      </div>
              </div>
              <div class="step pass-bg" title="com.automationexercise.steps.ProductPageSteps.iClickViewProductForAnyProductOnHomePage()">
                <span>When I Click View Product for any product on home page</span>
      <div>
      </div>
              </div>
              <div class="step pass-bg" title="com.automationexercise.steps.ProductPageSteps.verifyProductDetailIsOpened()">
                <span>And Verify product detail is opened</span>
      <div>
      </div>
              </div>
              <div class="step pass-bg" title="com.automationexercise.steps.ProductPageSteps.iIncreaseQuantityToFour(java.lang.String)">
                <span>And I Increase quantity to 'four'</span>
      <div>
      </div>
              </div>
              <div class="step pass-bg" title="com.automationexercise.steps.ProductPageSteps.iClickAddToCartButton()">
                <span>And I click Add to cart button</span>
      <div>
      </div>
              </div>
              <div class="step pass-bg" title="com.automationexercise.steps.ProductPageSteps.iClickViewCartButton()">
                <span>And I Click View Cart button</span>
      <div>
      </div>
              </div>
              <div class="step pass-bg" title="com.automationexercise.steps.ProductPageSteps.iVerifyThatProductIsDisplayedInCartPageWithExactQuantity()">
                <span>Then I verify that product is displayed in cart page with exact quantity</span>
      <div>
      </div>
              </div>
          </div>
        </div>
  </div>
</div>
          </div>
        </li>
        <li class="test-item"  status="fail" test-id="83"
          author=""
          tag=""
          device="">
          <div class="test-detail">
            <p class="name">View Category And Brand Products</p>
            <p class="text-sm">
              <span>18:17:21</span> / <span>00:00:56:026</span>
              <span class="badge fail-bg log float-right">Fail</span>
            </p>
          </div>
          <div class="test-contents d-none">
<div class="detail-head">
<div class="p-v-10">
<div class="info">
<h5 class="test-status text-fail">View Category And Brand Products</h5>
<span class='badge badge-success'>01.02.2024 18:17:21</span>
<span class='badge badge-danger'>01.02.2024 18:18:17</span>
<span class='badge badge-default'>00:00:56:026</span>
&middot; <span class='uri-anchor badge badge-default'>#test-id=83</span>
<span class='badge badge-default pointer float-right ml-1 et'><i class="fa fa-chevron-down"></i></span>
<span class='badge badge-default pointer float-right ct'><i class="fa fa-chevron-up"></i></span>
</div>
<div class="m-t-10 m-l-5"></div>
</div>
</div>
<div class="accordion mt-4">
  <div class="card">
    <div class="card-header" role="tab">
      <div class="card-title">
        <div class="node" id="84"><span class="badge log fail-bg mr-2">Fail</span>View Category Products</div>
          <div class="status-avatar float-right mr-4">
            <i class="fa fa-paperclip"></i>
          </div>
      </div>
    </div>
        <div class="">
          <div class="card-body">
              <div class="step pass-bg" title="com.automationexercise.steps.HomePageSteps.iVerifyThatHomePageIsVisibleSuccessfully()">
                <span>Given I verify that Home page is visible successfully</span>
      <div>
      </div>
              </div>
              <div class="step pass-bg" title="com.automationexercise.steps.HomePageSteps.iVerifyThatCategoriesAreVisibleOnLeftSideBar()">
                <span>When I Verify that categories are visible on left side bar</span>
      <div>
      </div>
              </div>
              <div class="step pass-bg" title="com.automationexercise.steps.HomePageSteps.iClickOnAnyCategoryLinkUnderWomenCategoryForExampleDress()">
                <span>And I Click on any category link under Women category, for example: Dress</span>
      <div>
      </div>
              </div>
              <div class="step fail-bg" title="com.automationexercise.steps.CategorySteps.iVerifyThatCategoryPageIsDisplayedAndConfirmTextWOMENTOPSPRODUCTS(java.lang.String)">
                <span>Then I Verify that category page is displayed and confirm text 'WOMEN - TOPS PRODUCTS'</span>
      <div>
        <textarea disabled class="code-block">java.lang.AssertionError: Text not matching expected [WOMEN - TOPS PRODUCTS] but found []
	at org.testng.Assert.fail(Assert.java:111)
	at org.testng.Assert.failNotEquals(Assert.java:1578)
	at org.testng.Assert.assertEqualsImpl(Assert.java:150)
	at org.testng.Assert.assertEquals(Assert.java:132)
	at org.testng.Assert.assertEquals(Assert.java:656)
	at com.automationexercise.steps.CategorySteps.iVerifyThatCategoryPageIsDisplayedAndConfirmTextWOMENTOPSPRODUCTS(CategorySteps.java:11)
	at ✽.I Verify that category page is displayed and confirm text 'WOMEN - TOPS PRODUCTS'(file:///C:/Users/44795/Homework/automationexercise-cucumber/src/test/resources/features/categoryand%20brand.feature:10)
</textarea>
      
      </div>
              </div>
              <div class="step skip-bg" title="com.automationexercise.steps.CategorySteps.onLeftSideBarClickOnAnySubCategoryLinkOfMenCategory()">
                <span>And On left side bar, click on any sub-category link of Men category</span>
      <div>Step skipped
      </div>
              </div>
              <div class="step skip-bg" title="com.automationexercise.steps.CategorySteps.iVerifyThatUserIsNavigatedToThatCategoryPage()">
                <span>Then I Verify that user is navigated to that category page</span>
      <div>Step skipped
      </div>
              </div>
              <div class="step pass-bg" title="AFTER">
                <span>com.automationexercise.steps.Hooks.tearDown(io.cucumber.java.Scenario)</span>
      <div>View Category Products
          <div class="row mb-3"><div class="col-md-3">
<img data-featherlight='../screenshots/embedded2.png' src="../screenshots/embedded2.png">
    
    </div></div>
</div>
      <div>
      </div>
              </div>
          </div>
        </div>
  </div>
  <div class="card">
    <div class="card-header" role="tab">
      <div class="card-title">
        <div class="node" id="93"><span class="badge log pass-bg mr-2">Pass</span>View & Cart Brand Products</div>
      </div>
    </div>
        <div class="collapse">
          <div class="card-body">
              <div class="step pass-bg" title="com.automationexercise.steps.HomePageSteps.iVerifyThatHomePageIsVisibleSuccessfully()">
                <span>Given I verify that Home page is visible successfully</span>
      <div>
      </div>
              </div>
              <div class="step pass-bg" title="com.automationexercise.steps.HomePageSteps.iClickOnProductsButton()">
                <span>When I Click on products button</span>
      <div>
      </div>
              </div>
              <div class="step pass-bg" title="com.automationexercise.steps.ProductPageSteps.iVerifyThatBrandsAreVisibleOnLeftSideBar()">
                <span>Then I verify that Brands are visible on left side bar</span>
      <div>
      </div>
              </div>
              <div class="step pass-bg" title="com.automationexercise.steps.ProductPageSteps.iClickOnAnyBrandName()">
                <span>And I Click on any brand name</span>
      <div>
      </div>
              </div>
              <div class="step pass-bg" title="com.automationexercise.steps.BrandPageSteps.iVerifyThatUserIsNavigatedToBrandPageAndBrandProductsAreDisplayed()">
                <span>Then I Verify that user is navigated to brand page and brand products are displayed</span>
      <div>
      </div>
              </div>
              <div class="step pass-bg" title="com.automationexercise.steps.BrandPageSteps.onLeftSideBarClickOnAnyOtherBrandLink()">
                <span>And On left side bar, click on any other brand link</span>
      <div>
      </div>
              </div>
              <div class="step pass-bg" title="com.automationexercise.steps.BrandPageSteps.iVerifyThatUserIsNavigatedToThatBrandPageAndCanSeeProducts()">
                <span>And I Verify that user is navigated to that brand page and can see products</span>
      <div>
      </div>
              </div>
          </div>
        </div>
  </div>
  <div class="card">
    <div class="card-header" role="tab">
      <div class="card-title">
        <div class="node" id="103"><span class="badge log pass-bg mr-2">Pass</span>Search Products and Verify Cart After Login</div>
      </div>
    </div>
        <div class="collapse">
          <div class="card-body">
              <div class="step pass-bg" title="com.automationexercise.steps.HomePageSteps.iVerifyThatHomePageIsVisibleSuccessfully()">
                <span>Given I verify that Home page is visible successfully</span>
      <div>
      </div>
              </div>
              <div class="step pass-bg" title="com.automationexercise.steps.HomePageSteps.iClickOnProductsButton()">
                <span>When I Click on products button</span>
      <div>
      </div>
              </div>
              <div class="step pass-bg" title="com.automationexercise.steps.ProductPageSteps.iVerifyUserIsNavigatedToALLPRODUCTSPageSuccessfully()">
                <span>Then I verify user is navigated to ALL PRODUCTS page successfully</span>
      <div>
      </div>
              </div>
              <div class="step pass-bg" title="com.automationexercise.steps.ProductPageSteps.iEnterProductNameInSearchInputAndClickSearchButton()">
                <span>And I Enter product name in search input and click search button</span>
      <div>
      </div>
              </div>
              <div class="step pass-bg" title="com.automationexercise.steps.ProductPageSteps.iVerifySEARCHEDPRODUCTSIsVisible()">
                <span>And I verify SEARCHED PRODUCTS is visible</span>
      <div>
      </div>
              </div>
              <div class="step pass-bg" title="com.automationexercise.steps.ProductPageSteps.iVerifyAllTheProductsRelatedToSearchAreVisible()">
                <span>And I Verify all the products related to search are visible</span>
      <div>
      </div>
              </div>
              <div class="step pass-bg" title="com.automationexercise.steps.ProductPageSteps.iAddThoseProductsToCart()">
                <span>And I add those products to cart</span>
      <div>
      </div>
              </div>
              <div class="step pass-bg" title="com.automationexercise.steps.ProductPageSteps.iClickCartButtonAndVerifyThatProductsAreVisibleInCart()">
                <span>And I  Click Cart button and verify that products are visible in cart</span>
      <div>
      </div>
              </div>
              <div class="step pass-bg" title="com.automationexercise.steps.ProductPageSteps.iClickSignupLoginButtonAndSubmitLoginDetails(java.lang.String)">
                <span>Then I Click 'Signup / Login' button and submit login details</span>
      <div>
      </div>
              </div>
              <div class="step pass-bg" title="com.automationexercise.steps.ProductPageSteps.iClickOnCartButtonOnTop()">
                <span>And I click on cart button on Top</span>
      <div>
      </div>
              </div>
              <div class="step pass-bg" title="com.automationexercise.steps.ProductPageSteps.iVerifyThatThoseProductsAreVisibleInCartAfterLoginAsWell()">
                <span>Then I verify that those products are visible in cart after login as well</span>
      <div>
      </div>
              </div>
          </div>
        </div>
  </div>
</div>
          </div>
        </li>
        <li class="test-item"  status="fail" test-id="117"
          author=""
          tag=""
          device="">
          <div class="test-detail">
            <p class="name">HomePage Tabs test</p>
            <p class="text-sm">
              <span>18:18:17</span> / <span>00:00:21:005</span>
              <span class="badge fail-bg log float-right">Fail</span>
            </p>
          </div>
          <div class="test-contents d-none">
<div class="detail-head">
<div class="p-v-10">
<div class="info">
<h5 class="test-status text-fail">HomePage Tabs test</h5>
<span class='badge badge-success'>01.02.2024 18:18:17</span>
<span class='badge badge-danger'>01.02.2024 18:18:38</span>
<span class='badge badge-default'>00:00:21:005</span>
&middot; <span class='uri-anchor badge badge-default'>#test-id=117</span>
<span class='badge badge-default pointer float-right ml-1 et'><i class="fa fa-chevron-down"></i></span>
<span class='badge badge-default pointer float-right ct'><i class="fa fa-chevron-up"></i></span>
</div>
<div class="m-t-10 m-l-5"></div>
</div>
</div>
<div class="accordion mt-4">
  <div class="card">
    <div class="card-header" role="tab">
      <div class="card-title">
        <div class="node" id="118"><span class="badge log pass-bg mr-2">Pass</span>Contact Us Form</div>
      </div>
    </div>
        <div class="collapse">
          <div class="card-body">
              <div class="step pass-bg" title="com.automationexercise.steps.HomePageSteps.iVerifyThatHomePageIsVisibleSuccessfully()">
                <span>Given I verify that Home page is visible successfully</span>
      <div>
      </div>
              </div>
              <div class="step pass-bg" title="com.automationexercise.steps.HomePageSteps.iClickOnContactUsButton()">
                <span>When I Click on Contact us button</span>
      <div>
      </div>
              </div>
              <div class="step pass-bg" title="com.automationexercise.steps.ContactUsSteps.iVerifyThatGETINTOUCHIsVisible()">
                <span>Then I verify that GET IN TOUCH is visible</span>
      <div>
      </div>
              </div>
              <div class="step pass-bg" title="com.automationexercise.steps.ContactUsSteps.iEnterNameEmailSubjectMessage(java.lang.String,java.lang.String,java.lang.String,java.lang.String)">
                <span>And I enter 'Tesco', 'tesco456@gmail.com', 'No Alert', 'Please Update'</span>
      <div>
      </div>
              </div>
              <div class="step pass-bg" title="com.automationexercise.steps.ContactUsSteps.iUploadFile()">
                <span>And I upload file</span>
      <div>
      </div>
              </div>
              <div class="step pass-bg" title="com.automationexercise.steps.ContactUsSteps.iClickOnSubmitButton()">
                <span>And I click on submit button</span>
      <div>
      </div>
              </div>
              <div class="step pass-bg" title="com.automationexercise.steps.ContactUsSteps.iClickOKButton()">
                <span>Then I click OK button</span>
      <div>
      </div>
              </div>
              <div class="step pass-bg" title="com.automationexercise.steps.ContactUsSteps.iVerifySuccessMessageSuccessYourDetailsHaveBeenSubmittedSuccessfullyIsVisible(java.lang.String)">
                <span>And I verify success message 'Success! Your details have been submitted successfully.' is visible</span>
      <div>
      </div>
              </div>
              <div class="step pass-bg" title="com.automationexercise.steps.ContactUsSteps.iClickHomeButtonAndVerifyThatLandedToHomePageSuccessfully()">
                <span>Then I click Home button and verify that landed to home page successfully</span>
      <div>
      </div>
              </div>
          </div>
        </div>
  </div>
  <div class="card">
    <div class="card-header" role="tab">
      <div class="card-title">
        <div class="node" id="130"><span class="badge log fail-bg mr-2">Fail</span>Verify Test Cases Page</div>
          <div class="status-avatar float-right mr-4">
            <i class="fa fa-paperclip"></i>
          </div>
      </div>
    </div>
        <div class="">
          <div class="card-body">
              <div class="step pass-bg" title="com.automationexercise.steps.HomePageSteps.iVerifyThatHomePageIsVisibleSuccessfully()">
                <span>Given I verify that Home page is visible successfully</span>
      <div>
      </div>
              </div>
              <div class="step pass-bg" title="com.automationexercise.steps.HomePageSteps.iClickOnTestCasesButton()">
                <span>When I Click on Test Cases button</span>
      <div>
      </div>
              </div>
              <div class="step fail-bg" title="com.automationexercise.steps.TestCasesPageSteps.verifyUserIsNavigatedToTestCasesPageSuccessfully()">
                <span>Then verify user is navigated to test cases page successfully</span>
      <div>
        <textarea disabled class="code-block">java.lang.AssertionError: Title not matching expected [Automation Practice Website for UI Testing - Test Cases] but found [Automation Exercise]
	at org.testng.Assert.fail(Assert.java:111)
	at org.testng.Assert.failNotEquals(Assert.java:1578)
	at org.testng.Assert.assertEqualsImpl(Assert.java:150)
	at org.testng.Assert.assertEquals(Assert.java:132)
	at org.testng.Assert.assertEquals(Assert.java:656)
	at com.automationexercise.steps.TestCasesPageSteps.verifyUserIsNavigatedToTestCasesPageSuccessfully(TestCasesPageSteps.java:11)
	at ✽.verify user is navigated to test cases page successfully(file:///C:/Users/44795/Homework/automationexercise-cucumber/src/test/resources/features/homepage.feature:20)
</textarea>
      
      </div>
              </div>
              <div class="step pass-bg" title="AFTER">
                <span>com.automationexercise.steps.Hooks.tearDown(io.cucumber.java.Scenario)</span>
      <div>Verify Test Cases Page
          <div class="row mb-3"><div class="col-md-3">
<img data-featherlight='../screenshots/embedded3.png' src="../screenshots/embedded3.png">
    
    </div></div>
</div>
      <div>
      </div>
              </div>
          </div>
        </div>
  </div>
</div>
          </div>
        </li>
        <li class="test-item"  status="fail" test-id="136"
          author=""
          tag=""
          device="">
          <div class="test-detail">
            <p class="name">Place Order Test</p>
            <p class="text-sm">
              <span>18:18:38</span> / <span>00:07:43:704</span>
              <span class="badge fail-bg log float-right">Fail</span>
            </p>
          </div>
          <div class="test-contents d-none">
<div class="detail-head">
<div class="p-v-10">
<div class="info">
<h5 class="test-status text-fail">Place Order Test</h5>
<span class='badge badge-success'>01.02.2024 18:18:38</span>
<span class='badge badge-danger'>01.02.2024 18:26:22</span>
<span class='badge badge-default'>00:07:43:704</span>
&middot; <span class='uri-anchor badge badge-default'>#test-id=136</span>
<span class='badge badge-default pointer float-right ml-1 et'><i class="fa fa-chevron-down"></i></span>
<span class='badge badge-default pointer float-right ct'><i class="fa fa-chevron-up"></i></span>
</div>
<div class="m-t-10 m-l-5"></div>
</div>
</div>
<div class="accordion mt-4">
  <div class="card">
    <div class="card-header" role="tab">
      <div class="card-title">
        <div class="node" id="137"><span class="badge log fail-bg mr-2">Fail</span>Place Order: Register while Checkout</div>
      </div>
    </div>
        <div class="">
          <div class="card-body">
              <div class="step pass-bg" title="com.automationexercise.steps.HomePageSteps.iVerifyThatHomePageIsVisibleSuccessfully()">
                <span>Given I verify that Home page is visible successfully</span>
      <div>
      </div>
              </div>
              <div class="step pass-bg" title="com.automationexercise.steps.HomePageSteps.iAddProductToCart()">
                <span>When I add product to cart</span>
      <div>
      </div>
              </div>
              <div class="step fail-bg" title="com.automationexercise.steps.HomePageSteps.iClickOnCartButton()">
                <span>And I click on cart button</span>
      <div>
        <textarea disabled class="code-block">org.openqa.selenium.TimeoutException: java.net.http.HttpTimeoutException: request timed out
Build info: version: '4.16.1', revision: '9b4c83354e'
System info: os.name: 'Windows 11', os.arch: 'amd64', os.version: '10.0', java.version: '17.0.8'
Driver info: org.openqa.selenium.chrome.ChromeDriver
Command: [8f60b0b7711d9728ac041b791850eb89, clickElement {id=E95A8A99FBC62A17111532CA864CC834_element_34}]
Capabilities {acceptInsecureCerts: false, browserName: chrome, browserVersion: 120.0.6099.130, chrome: {chromedriverVersion: 120.0.6099.109 (3419140ab66..., userDataDir: C:\Users\44795\AppData\Loca...}, fedcm:accounts: true, goog:chromeOptions: {debuggerAddress: localhost:53129}, networkConnectionEnabled: false, pageLoadStrategy: normal, platformName: windows, proxy: Proxy(), se:cdp: ws://localhost:53129/devtoo..., se:cdpVersion: 120.0.6099.130, setWindowRect: true, strictFileInteractability: false, timeouts: {implicit: 0, pageLoad: 300000, script: 30000}, unhandledPromptBehavior: dismiss and notify, webauthn:extension:credBlob: true, webauthn:extension:largeBlob: true, webauthn:extension:minPinLength: true, webauthn:extension:prf: true, webauthn:virtualAuthenticators: true}
Element: [[ChromeDriver: chrome on windows (8f60b0b7711d9728ac041b791850eb89)] -> xpath: //u[normalize-space()='View Cart']]
Session ID: 8f60b0b7711d9728ac041b791850eb89
	at org.openqa.selenium.remote.http.jdk.JdkHttpClient.execute0(JdkHttpClient.java:392)
	at org.openqa.selenium.remote.http.AddSeleniumUserAgent.lambda$apply$0(AddSeleniumUserAgent.java:42)
	at org.openqa.selenium.remote.http.Filter.lambda$andFinally$1(Filter.java:55)
	at org.openqa.selenium.remote.http.jdk.JdkHttpClient.execute(JdkHttpClient.java:358)
	at org.openqa.selenium.remote.HttpCommandExecutor.execute(HttpCommandExecutor.java:188)
	at org.openqa.selenium.remote.service.DriverCommandExecutor.invokeExecute(DriverCommandExecutor.java:200)
	at org.openqa.selenium.remote.service.DriverCommandExecutor.execute(DriverCommandExecutor.java:175)
	at org.openqa.selenium.remote.RemoteWebDriver.execute(RemoteWebDriver.java:523)
	at org.openqa.selenium.remote.RemoteWebElement.execute(RemoteWebElement.java:224)
	at org.openqa.selenium.remote.RemoteWebElement.click(RemoteWebElement.java:77)
	at jdk.internal.reflect.GeneratedMethodAccessor81.invoke(Unknown Source)
	at java.base/jdk.internal.reflect.DelegatingMethodAccessorImpl.invoke(DelegatingMethodAccessorImpl.java:43)
	at java.base/java.lang.reflect.Method.invoke(Method.java:568)
	at org.openqa.selenium.support.pagefactory.internal.LocatingElementHandler.invoke(LocatingElementHandler.java:51)
	at jdk.proxy2/jdk.proxy2.$Proxy28.click(Unknown Source)
	at com.automationexercise.utility.Utility.clickOnElement(Utility.java:53)
	at com.automationexercise.pages.ProductPage.clickOnViewCart(ProductPage.java:200)
	at com.automationexercise.steps.HomePageSteps.iClickOnCartButton(HomePageSteps.java:111)
	at ✽.I click on cart button(file:///C:/Users/44795/Homework/automationexercise-cucumber/src/test/resources/features/placeorder.feature:9)
Caused by: java.net.http.HttpTimeoutException: request timed out
	at java.net.http/jdk.internal.net.http.ResponseTimerEvent.handle(ResponseTimerEvent.java:63)
	at java.net.http/jdk.internal.net.http.HttpClientImpl.purgeTimeoutsAndReturnNextDeadline(HttpClientImpl.java:1270)
	at java.net.http/jdk.internal.net.http.HttpClientImpl$SelectorManager.run(HttpClientImpl.java:899)
</textarea>
      
      </div>
              </div>
              <div class="step skip-bg" title="com.automationexercise.steps.ProductPageSteps.iVerifyThatCartPageIsDisplayed()">
                <span>Then I verify that cart page is displayed</span>
      <div>Step skipped
      </div>
              </div>
              <div class="step skip-bg" title="com.automationexercise.steps.ProductPageSteps.iClickProceedToCheckout()">
                <span>And I click Proceed To Checkout</span>
      <div>Step skipped
      </div>
              </div>
              <div class="step skip-bg" title="com.automationexercise.steps.ProductPageSteps.iClickOnRegisterLoginButton()">
                <span>Then I click on Register Login button</span>
      <div>Step skipped
      </div>
              </div>
              <div class="step skip-bg" title="com.automationexercise.steps.SignupPagesteps.iFillAllDetailsInSignupAndCreateAccount()">
                <span>And I Fill all details in Signup and create account</span>
      <div>Step skipped
      </div>
              </div>
              <div class="step skip-bg" title="com.automationexercise.steps.SignupPagesteps.iVerifyThatENTERACCOUNTINFORMATIONIsVisible(java.lang.String)">
                <span>Then I verify that 'ACCOUNT CREATED!' is visible</span>
      <div>Step skipped
      </div>
              </div>
              <div class="step skip-bg" title="com.automationexercise.steps.SignupPagesteps.iClickContinueButton()">
                <span>And I click continue button</span>
      <div>Step skipped
      </div>
              </div>
              <div class="step skip-bg" title="com.automationexercise.steps.HomePageSteps.iVerifyThatLoggedInAsUsernameIsVisible()">
                <span>And I verify  that Logged in as username is visible</span>
      <div>Step skipped
      </div>
              </div>
              <div class="step skip-bg" title="com.automationexercise.steps.ProductPageSteps.iClickOnCartButtonOnTop()">
                <span>Then I click on cart button on Top</span>
      <div>Step skipped
      </div>
              </div>
              <div class="step skip-bg" title="com.automationexercise.steps.ProductPageSteps.iClickProceedToCheckout()">
                <span>And I click Proceed To Checkout</span>
      <div>Step skipped
      </div>
              </div>
              <div class="step skip-bg" title="com.automationexercise.steps.CheckoutPageSteps.iVerifyAddressDetailsAndReviewYourOrder()">
                <span>Then I Verify Address Details and Review Your Order</span>
      <div>Step skipped
      </div>
              </div>
              <div class="step skip-bg" title="com.automationexercise.steps.CheckoutPageSteps.iEnterDescriptionInCommentTextAreaAndClickPlaceOrder()">
                <span>And I  Enter description in comment text area and click Place Order</span>
      <div>Step skipped
      </div>
              </div>
              <div class="step skip-bg" title="com.automationexercise.steps.PaymentPageSteps.iEnterPaymentDetailsNameOnCardCardNumberCVCExpirationDate(java.lang.String,java.lang.String,java.lang.String,java.lang.String)">
                <span>Then I enter payment details: 'Tesco Extra', '4545858565652525', '786', '12'</span>
      <div>Step skipped
      </div>
              </div>
              <div class="step skip-bg" title="com.automationexercise.steps.PaymentPageSteps.iClickPayAndConfirmOrderButton()">
                <span>And I click Pay and Confirm Order button</span>
      <div>Step skipped
      </div>
              </div>
              <div class="step skip-bg" title="com.automationexercise.steps.PaymentPageSteps.iVerifySuccessMessageYourOrderHasBeenPlacedSuccessfully(java.lang.String)">
                <span>Then I verify success message 'Congratulations! Your order has been confirmed!'</span>
      <div>Step skipped
      </div>
              </div>
              <div class="step skip-bg" title="com.automationexercise.steps.LoginPageSteps.iClickDeleteAccountButton()">
                <span>And I Click Delete Account button</span>
      <div>Step skipped
      </div>
              </div>
              <div class="step skip-bg" title="com.automationexercise.steps.PaymentPageSteps.iVerifyACCOUNTDELETEDAndClickContinueButton(java.lang.String)">
                <span>And I verify 'ACCOUNT DELETED!' and click Continue button</span>
      <div>Step skipped
      </div>
              </div>
              <div class="step fail-bg" title="AFTER">
                <span>com.automationexercise.steps.Hooks.tearDown(io.cucumber.java.Scenario)</span>
      <div>
        <textarea disabled class="code-block">org.openqa.selenium.TimeoutException: java.util.concurrent.TimeoutException
Build info: version: '4.16.1', revision: '9b4c83354e'
System info: os.name: 'Windows 11', os.arch: 'amd64', os.version: '10.0', java.version: '17.0.8'
Driver info: org.openqa.selenium.chrome.ChromeDriver
Command: [8f60b0b7711d9728ac041b791850eb89, screenshot {}]
Capabilities {acceptInsecureCerts: false, browserName: chrome, browserVersion: 120.0.6099.130, chrome: {chromedriverVersion: 120.0.6099.109 (3419140ab66..., userDataDir: C:\Users\44795\AppData\Loca...}, fedcm:accounts: true, goog:chromeOptions: {debuggerAddress: localhost:53129}, networkConnectionEnabled: false, pageLoadStrategy: normal, platformName: windows, proxy: Proxy(), se:cdp: ws://localhost:53129/devtoo..., se:cdpVersion: 120.0.6099.130, setWindowRect: true, strictFileInteractability: false, timeouts: {implicit: 0, pageLoad: 300000, script: 30000}, unhandledPromptBehavior: dismiss and notify, webauthn:extension:credBlob: true, webauthn:extension:largeBlob: true, webauthn:extension:minPinLength: true, webauthn:extension:prf: true, webauthn:virtualAuthenticators: true}
Session ID: 8f60b0b7711d9728ac041b791850eb89
	at org.openqa.selenium.remote.http.jdk.JdkHttpClient.execute0(JdkHttpClient.java:402)
	at org.openqa.selenium.remote.http.AddSeleniumUserAgent.lambda$apply$0(AddSeleniumUserAgent.java:42)
	at org.openqa.selenium.remote.http.Filter.lambda$andFinally$1(Filter.java:55)
	at org.openqa.selenium.remote.http.jdk.JdkHttpClient.execute(JdkHttpClient.java:358)
	at org.openqa.selenium.remote.HttpCommandExecutor.execute(HttpCommandExecutor.java:188)
	at org.openqa.selenium.remote.service.DriverCommandExecutor.invokeExecute(DriverCommandExecutor.java:200)
	at org.openqa.selenium.remote.service.DriverCommandExecutor.execute(DriverCommandExecutor.java:175)
	at org.openqa.selenium.remote.RemoteWebDriver.execute(RemoteWebDriver.java:523)
	at org.openqa.selenium.remote.RemoteWebDriver.execute(RemoteWebDriver.java:596)
	at org.openqa.selenium.remote.RemoteWebDriver.execute(RemoteWebDriver.java:600)
	at org.openqa.selenium.remote.RemoteWebDriver.getScreenshotAs(RemoteWebDriver.java:326)
	at com.automationexercise.utility.Utility.getScreenShot(Utility.java:355)
	at com.automationexercise.steps.Hooks.tearDown(Hooks.java:21)
Caused by: java.util.concurrent.TimeoutException
	at java.base/java.util.concurrent.CompletableFuture.timedGet(CompletableFuture.java:1960)
	at java.base/java.util.concurrent.CompletableFuture.get(CompletableFuture.java:2095)
	at org.openqa.selenium.remote.http.jdk.JdkHttpClient.execute0(JdkHttpClient.java:385)
	at org.openqa.selenium.remote.http.AddSeleniumUserAgent.lambda$apply$0(AddSeleniumUserAgent.java:42)
	at org.openqa.selenium.remote.http.Filter.lambda$andFinally$1(Filter.java:55)
	at org.openqa.selenium.remote.http.jdk.JdkHttpClient.execute(JdkHttpClient.java:358)
	at org.openqa.selenium.remote.HttpCommandExecutor.execute(HttpCommandExecutor.java:188)
	at org.openqa.selenium.remote.service.DriverCommandExecutor.invokeExecute(DriverCommandExecutor.java:200)
	at org.openqa.selenium.remote.service.DriverCommandExecutor.execute(DriverCommandExecutor.java:175)
	at org.openqa.selenium.remote.RemoteWebDriver.execute(RemoteWebDriver.java:523)
	at org.openqa.selenium.remote.RemoteWebDriver.execute(RemoteWebDriver.java:596)
	at org.openqa.selenium.remote.RemoteWebDriver.execute(RemoteWebDriver.java:600)
	at org.openqa.selenium.remote.RemoteWebDriver.getScreenshotAs(RemoteWebDriver.java:326)
	at com.automationexercise.utility.Utility.getScreenShot(Utility.java:355)
	at com.automationexercise.steps.Hooks.tearDown(Hooks.java:21)
	at java.base/jdk.internal.reflect.NativeMethodAccessorImpl.invoke0(Native Method)
	at java.base/jdk.internal.reflect.NativeMethodAccessorImpl.invoke(NativeMethodAccessorImpl.java:77)
	at java.base/jdk.internal.reflect.DelegatingMethodAccessorImpl.invoke(DelegatingMethodAccessorImpl.java:43)
	at java.base/java.lang.reflect.Method.invoke(Method.java:568)
	at io.cucumber.java.Invoker.doInvoke(Invoker.java:66)
	at io.cucumber.java.Invoker.invoke(Invoker.java:24)
	at io.cucumber.java.AbstractGlueDefinition.invokeMethod(AbstractGlueDefinition.java:47)
	at io.cucumber.java.JavaHookDefinition.execute(JavaHookDefinition.java:64)
	at io.cucumber.core.runner.CoreHookDefinition.execute(CoreHookDefinition.java:46)
	at io.cucumber.core.runner.HookDefinitionMatch.runStep(HookDefinitionMatch.java:21)
	at io.cucumber.core.runner.ExecutionMode$1.execute(ExecutionMode.java:10)
	at io.cucumber.core.runner.TestStep.executeStep(TestStep.java:84)
	at io.cucumber.core.runner.TestStep.run(TestStep.java:56)
	at io.cucumber.core.runner.TestCase.run(TestCase.java:90)
	at io.cucumber.core.runner.Runner.runPickle(Runner.java:75)
	at io.cucumber.testng.TestNGCucumberRunner.lambda$runScenario$1(TestNGCucumberRunner.java:132)
	at io.cucumber.core.runtime.CucumberExecutionContext.lambda$runTestCase$5(CucumberExecutionContext.java:137)
	at io.cucumber.core.runtime.RethrowingThrowableCollector.executeAndThrow(RethrowingThrowableCollector.java:23)
	at io.cucumber.core.runtime.CucumberExecutionContext.runTestCase(CucumberExecutionContext.java:137)
	at io.cucumber.testng.TestNGCucumberRunner.runScenario(TestNGCucumberRunner.java:129)
	at io.cucumber.testng.AbstractTestNGCucumberTests.runScenario(AbstractTestNGCucumberTests.java:35)
	at java.base/jdk.internal.reflect.NativeMethodAccessorImpl.invoke0(Native Method)
	at java.base/jdk.internal.reflect.NativeMethodAccessorImpl.invoke(NativeMethodAccessorImpl.java:77)
	at java.base/jdk.internal.reflect.DelegatingMethodAccessorImpl.invoke(DelegatingMethodAccessorImpl.java:43)
	at java.base/java.lang.reflect.Method.invoke(Method.java:568)
	at org.testng.internal.invokers.MethodInvocationHelper.invokeMethod(MethodInvocationHelper.java:139)
	at org.testng.internal.invokers.TestInvoker.invokeMethod(TestInvoker.java:664)
	at org.testng.internal.invokers.TestInvoker.invokeTestMethod(TestInvoker.java:227)
	at org.testng.internal.invokers.MethodRunner.runInSequence(MethodRunner.java:50)
	at org.testng.internal.invokers.TestInvoker$MethodInvocationAgent.invoke(TestInvoker.java:957)
	at org.testng.internal.invokers.TestInvoker.invokeTestMethods(TestInvoker.java:200)
	at org.testng.internal.invokers.TestMethodWorker.invokeTestMethods(TestMethodWorker.java:148)
	at org.testng.internal.invokers.TestMethodWorker.run(TestMethodWorker.java:128)
	at java.base/java.util.ArrayList.forEach(ArrayList.java:1511)
	at org.testng.TestRunner.privateRun(TestRunner.java:848)
	at org.testng.TestRunner.run(TestRunner.java:621)
	at org.testng.SuiteRunner.runTest(SuiteRunner.java:443)
	at org.testng.SuiteRunner.runSequentially(SuiteRunner.java:437)
	at org.testng.SuiteRunner.privateRun(SuiteRunner.java:397)
	at org.testng.SuiteRunner.run(SuiteRunner.java:336)
	at org.testng.SuiteRunnerWorker.runSuite(SuiteRunnerWorker.java:52)
	at org.testng.SuiteRunnerWorker.run(SuiteRunnerWorker.java:95)
	at org.testng.TestNG.runSuitesSequentially(TestNG.java:1280)
	at org.testng.TestNG.runSuitesLocally(TestNG.java:1200)
	at org.testng.TestNG.runSuites(TestNG.java:1114)
	at org.testng.TestNG.run(TestNG.java:1082)
	at com.intellij.rt.testng.IDEARemoteTestNG.run(IDEARemoteTestNG.java:66)
	at com.intellij.rt.testng.RemoteTestNGStarter.main(RemoteTestNGStarter.java:105)
</textarea>
      
      </div>
              </div>
          </div>
        </div>
  </div>
  <div class="card">
    <div class="card-header" role="tab">
      <div class="card-title">
        <div class="node" id="159"><span class="badge log pass-bg mr-2">Pass</span>Place Order: Register before Checkout</div>
      </div>
    </div>
        <div class="collapse">
          <div class="card-body">
              <div class="step pass-bg" title="com.automationexercise.steps.HomePageSteps.iVerifyThatHomePageIsVisibleSuccessfully()">
                <span>Given I verify that Home page is visible successfully</span>
      <div>
      </div>
              </div>
              <div class="step pass-bg" title="com.automationexercise.steps.HomePageSteps.iClickOnSignupLoginButton(java.lang.String)">
                <span>When I click on 'Signup/Login' button</span>
      <div>
      </div>
              </div>
              <div class="step pass-bg" title="com.automationexercise.steps.SignupPagesteps.iFillAllDetailsInSignupAndCreateAccount()">
                <span>And I Fill all details in Signup and create account</span>
      <div>
      </div>
              </div>
              <div class="step pass-bg" title="com.automationexercise.steps.SignupPagesteps.iVerifyThatENTERACCOUNTINFORMATIONIsVisible(java.lang.String)">
                <span>Then I verify that 'ACCOUNT CREATED!' is visible</span>
      <div>
      </div>
              </div>
              <div class="step pass-bg" title="com.automationexercise.steps.SignupPagesteps.iClickContinueButton()">
                <span>And I click continue button</span>
      <div>
      </div>
              </div>
              <div class="step pass-bg" title="com.automationexercise.steps.HomePageSteps.iVerifyThatLoggedInAsUsernameIsVisible()">
                <span>And I verify  that Logged in as username is visible</span>
      <div>
      </div>
              </div>
              <div class="step pass-bg" title="com.automationexercise.steps.HomePageSteps.iAddProductToCart()">
                <span>Then I add product to cart</span>
      <div>
      </div>
              </div>
              <div class="step pass-bg" title="com.automationexercise.steps.HomePageSteps.iClickOnCartButton()">
                <span>And I click on cart button</span>
      <div>
      </div>
              </div>
              <div class="step pass-bg" title="com.automationexercise.steps.ProductPageSteps.iVerifyThatCartPageIsDisplayed()">
                <span>Then I verify that cart page is displayed</span>
      <div>
      </div>
              </div>
              <div class="step pass-bg" title="com.automationexercise.steps.ProductPageSteps.iClickProceedToCheckout()">
                <span>And I click Proceed To Checkout</span>
      <div>
      </div>
              </div>
              <div class="step pass-bg" title="com.automationexercise.steps.CheckoutPageSteps.iVerifyAddressDetailsAndReviewYourOrder()">
                <span>Then I Verify Address Details and Review Your Order</span>
      <div>
      </div>
              </div>
              <div class="step pass-bg" title="com.automationexercise.steps.CheckoutPageSteps.iEnterDescriptionInCommentTextAreaAndClickPlaceOrder()">
                <span>And I  Enter description in comment text area and click Place Order</span>
      <div>
      </div>
              </div>
              <div class="step pass-bg" title="com.automationexercise.steps.PaymentPageSteps.iEnterPaymentDetailsNameOnCardCardNumberCVCExpirationDate(java.lang.String,java.lang.String,java.lang.String,java.lang.String)">
                <span>Then I enter payment details: 'Tesco Extra', '4545858565652525', '786', '12'</span>
      <div>
      </div>
              </div>
              <div class="step pass-bg" title="com.automationexercise.steps.PaymentPageSteps.iClickPayAndConfirmOrderButton()">
                <span>And I click Pay and Confirm Order button</span>
      <div>
      </div>
              </div>
              <div class="step pass-bg" title="com.automationexercise.steps.PaymentPageSteps.iVerifySuccessMessageYourOrderHasBeenPlacedSuccessfully(java.lang.String)">
                <span>Then I verify success message 'Congratulations! Your order has been confirmed!'</span>
      <div>
      </div>
              </div>
              <div class="step pass-bg" title="com.automationexercise.steps.LoginPageSteps.iClickDeleteAccountButton()">
                <span>And I Click Delete Account button</span>
      <div>
      </div>
              </div>
              <div class="step pass-bg" title="com.automationexercise.steps.PaymentPageSteps.iVerifyACCOUNTDELETEDAndClickContinueButton(java.lang.String)">
                <span>And I verify 'ACCOUNT DELETED!' and click Continue button</span>
      <div>
      </div>
              </div>
          </div>
        </div>
  </div>
  <div class="card">
    <div class="card-header" role="tab">
      <div class="card-title">
        <div class="node" id="179"><span class="badge log fail-bg mr-2">Fail</span>Place Order: Login before Checkout</div>
          <div class="status-avatar float-right mr-4">
            <i class="fa fa-paperclip"></i>
          </div>
      </div>
    </div>
        <div class="">
          <div class="card-body">
              <div class="step pass-bg" title="com.automationexercise.steps.HomePageSteps.iVerifyThatHomePageIsVisibleSuccessfully()">
                <span>Given I verify that Home page is visible successfully</span>
      <div>
      </div>
              </div>
              <div class="step pass-bg" title="com.automationexercise.steps.HomePageSteps.iClickOnSignupLoginButton(java.lang.String)">
                <span>When I click on 'Signup/Login' button</span>
      <div>
      </div>
              </div>
              <div class="step pass-bg" title="com.automationexercise.steps.LoginPageSteps.iEnterCorrectEmailAndPassword(java.lang.String,java.lang.String)">
                <span>And I Enter correct 'tesco1422@gmail.com' and 'Tesco1234'</span>
      <div>
      </div>
              </div>
              <div class="step pass-bg" title="com.automationexercise.steps.LoginPageSteps.iClickLoginButton()">
                <span>And I Click login button</span>
      <div>
      </div>
              </div>
              <div class="step fail-bg" title="com.automationexercise.steps.HomePageSteps.iVerifyThatLoggedInAsUsernameIsVisible()">
                <span>And I verify  that Logged in as username is visible</span>
      <div>
        <textarea disabled class="code-block">org.openqa.selenium.NoSuchElementException: no such element: Unable to locate element: {"method":"xpath","selector":"//b[normalize-space()='Tesco']"}
  (Session info: chrome=120.0.6099.130)
For documentation on this error, please visit: https://www.selenium.dev/documentation/webdriver/troubleshooting/errors#no-such-element-exception
Build info: version: '4.16.1', revision: '9b4c83354e'
System info: os.name: 'Windows 11', os.arch: 'amd64', os.version: '10.0', java.version: '17.0.8'
Driver info: org.openqa.selenium.chrome.ChromeDriver
Command: [b6f947de54f3d52e1ad6c4582de9c6e0, findElement {using=xpath, value=//b[normalize-space()='Tesco']}]
Capabilities {acceptInsecureCerts: false, browserName: chrome, browserVersion: 120.0.6099.130, chrome: {chromedriverVersion: 120.0.6099.109 (3419140ab66..., userDataDir: C:\Users\44795\AppData\Loca...}, fedcm:accounts: true, goog:chromeOptions: {debuggerAddress: localhost:53633}, networkConnectionEnabled: false, pageLoadStrategy: normal, platformName: windows, proxy: Proxy(), se:cdp: ws://localhost:53633/devtoo..., se:cdpVersion: 120.0.6099.130, setWindowRect: true, strictFileInteractability: false, timeouts: {implicit: 0, pageLoad: 300000, script: 30000}, unhandledPromptBehavior: dismiss and notify, webauthn:extension:credBlob: true, webauthn:extension:largeBlob: true, webauthn:extension:minPinLength: true, webauthn:extension:prf: true, webauthn:virtualAuthenticators: true}
Session ID: b6f947de54f3d52e1ad6c4582de9c6e0
	at java.base/jdk.internal.reflect.NativeConstructorAccessorImpl.newInstance0(Native Method)
	at java.base/jdk.internal.reflect.NativeConstructorAccessorImpl.newInstance(NativeConstructorAccessorImpl.java:77)
	at java.base/jdk.internal.reflect.DelegatingConstructorAccessorImpl.newInstance(DelegatingConstructorAccessorImpl.java:45)
	at java.base/java.lang.reflect.Constructor.newInstanceWithCaller(Constructor.java:499)
	at java.base/java.lang.reflect.Constructor.newInstance(Constructor.java:480)
	at org.openqa.selenium.remote.codec.w3c.W3CHttpResponseCodec.createException(W3CHttpResponseCodec.java:200)
	at org.openqa.selenium.remote.codec.w3c.W3CHttpResponseCodec.decode(W3CHttpResponseCodec.java:133)
	at org.openqa.selenium.remote.codec.w3c.W3CHttpResponseCodec.decode(W3CHttpResponseCodec.java:52)
	at org.openqa.selenium.remote.HttpCommandExecutor.execute(HttpCommandExecutor.java:191)
	at org.openqa.selenium.remote.service.DriverCommandExecutor.invokeExecute(DriverCommandExecutor.java:200)
	at org.openqa.selenium.remote.service.DriverCommandExecutor.execute(DriverCommandExecutor.java:175)
	at org.openqa.selenium.remote.RemoteWebDriver.execute(RemoteWebDriver.java:523)
	at org.openqa.selenium.remote.ElementLocation$ElementFinder$2.findElement(ElementLocation.java:165)
	at org.openqa.selenium.remote.ElementLocation.findElement(ElementLocation.java:59)
	at org.openqa.selenium.remote.RemoteWebDriver.findElement(RemoteWebDriver.java:360)
	at org.openqa.selenium.remote.RemoteWebDriver.findElement(RemoteWebDriver.java:354)
	at org.openqa.selenium.support.pagefactory.DefaultElementLocator.findElement(DefaultElementLocator.java:68)
	at org.openqa.selenium.support.pagefactory.internal.LocatingElementHandler.invoke(LocatingElementHandler.java:38)
	at jdk.proxy2/jdk.proxy2.$Proxy28.getText(Unknown Source)
	at com.automationexercise.utility.Utility.getTextFromElement(Utility.java:64)
	at com.automationexercise.pages.AccountPage.getUserName(AccountPage.java:29)
	at com.automationexercise.steps.HomePageSteps.iVerifyThatLoggedInAsUsernameIsVisible(HomePageSteps.java:27)
	at ✽.I verify  that Logged in as username is visible(file:///C:/Users/44795/Homework/automationexercise-cucumber/src/test/resources/features/placeorder.feature:51)
</textarea>
      
      </div>
              </div>
              <div class="step skip-bg" title="com.automationexercise.steps.HomePageSteps.iAddProductToCart()">
                <span>Then I add product to cart</span>
      <div>Step skipped
      </div>
              </div>
              <div class="step skip-bg" title="com.automationexercise.steps.HomePageSteps.iClickOnCartButton()">
                <span>And I click on cart button</span>
      <div>Step skipped
      </div>
              </div>
              <div class="step skip-bg" title="com.automationexercise.steps.ProductPageSteps.iVerifyThatCartPageIsDisplayed()">
                <span>Then I verify that cart page is displayed</span>
      <div>Step skipped
      </div>
              </div>
              <div class="step skip-bg" title="com.automationexercise.steps.ProductPageSteps.iClickProceedToCheckout()">
                <span>And I click Proceed To Checkout</span>
      <div>Step skipped
      </div>
              </div>
              <div class="step skip-bg" title="com.automationexercise.steps.CheckoutPageSteps.iVerifyAddressDetailsAndReviewYourOrder()">
                <span>Then I Verify Address Details and Review Your Order</span>
      <div>Step skipped
      </div>
              </div>
              <div class="step skip-bg" title="com.automationexercise.steps.CheckoutPageSteps.iEnterDescriptionInCommentTextAreaAndClickPlaceOrder()">
                <span>And I  Enter description in comment text area and click Place Order</span>
      <div>Step skipped
      </div>
              </div>
              <div class="step skip-bg" title="com.automationexercise.steps.PaymentPageSteps.iEnterPaymentDetailsNameOnCardCardNumberCVCExpirationDate(java.lang.String,java.lang.String,java.lang.String,java.lang.String)">
                <span>Then I enter payment details: 'Tesco Extra', '4545858565652525', '786', '12'</span>
      <div>Step skipped
      </div>
              </div>
              <div class="step skip-bg" title="com.automationexercise.steps.PaymentPageSteps.iClickPayAndConfirmOrderButton()">
                <span>And I click Pay and Confirm Order button</span>
      <div>Step skipped
      </div>
              </div>
              <div class="step skip-bg" title="com.automationexercise.steps.PaymentPageSteps.iVerifySuccessMessageYourOrderHasBeenPlacedSuccessfully(java.lang.String)">
                <span>Then I verify success message 'Congratulations! Your order has been confirmed!'</span>
      <div>Step skipped
      </div>
              </div>
              <div class="step skip-bg" title="com.automationexercise.steps.LoginPageSteps.iClickDeleteAccountButton()">
                <span>And I Click Delete Account button</span>
      <div>Step skipped
      </div>
              </div>
              <div class="step skip-bg" title="com.automationexercise.steps.PaymentPageSteps.iVerifyACCOUNTDELETEDAndClickContinueButton(java.lang.String)">
                <span>And I verify 'ACCOUNT DELETED!' and click Continue button</span>
      <div>Step skipped
      </div>
              </div>
              <div class="step pass-bg" title="AFTER">
                <span>com.automationexercise.steps.Hooks.tearDown(io.cucumber.java.Scenario)</span>
      <div>Place Order: Login before Checkout
          <div class="row mb-3"><div class="col-md-3">
<img data-featherlight='../screenshots/embedded4.png' src="../screenshots/embedded4.png">
    
    </div></div>
</div>
      <div>
      </div>
              </div>
          </div>
        </div>
  </div>
  <div class="card">
    <div class="card-header" role="tab">
      <div class="card-title">
        <div class="node" id="198"><span class="badge log pass-bg mr-2">Pass</span>Remove Products From Cart</div>
      </div>
    </div>
        <div class="collapse">
          <div class="card-body">
              <div class="step pass-bg" title="com.automationexercise.steps.HomePageSteps.iVerifyThatHomePageIsVisibleSuccessfully()">
                <span>Given I verify that Home page is visible successfully</span>
      <div>
      </div>
              </div>
              <div class="step pass-bg" title="com.automationexercise.steps.HomePageSteps.iAddProductToCart()">
                <span>When I add product to cart</span>
      <div>
      </div>
              </div>
              <div class="step pass-bg" title="com.automationexercise.steps.HomePageSteps.iClickOnCartButton()">
                <span>And I click on cart button</span>
      <div>
      </div>
              </div>
              <div class="step pass-bg" title="com.automationexercise.steps.ProductPageSteps.iVerifyThatCartPageIsDisplayed()">
                <span>Then I verify that cart page is displayed</span>
      <div>
      </div>
              </div>
              <div class="step pass-bg" title="com.automationexercise.steps.ProductPageSteps.iClickXButtonCorrespondingToParticularProduct()">
                <span>And I click X button corresponding to particular product</span>
      <div>
      </div>
              </div>
              <div class="step pass-bg" title="com.automationexercise.steps.ProductPageSteps.iVerifyThatProductIsRemovedFromTheCart()">
                <span>Then I Verify that product is removed from the cart</span>
      <div>
      </div>
              </div>
          </div>
        </div>
  </div>
</div>
          </div>
        </li>
        <li class="test-item"  status="fail" test-id="207"
          author=""
          tag=""
          device="">
          <div class="test-detail">
            <p class="name">Register and Login Test</p>
            <p class="text-sm">
              <span>18:26:22</span> / <span>00:02:22:294</span>
              <span class="badge fail-bg log float-right">Fail</span>
            </p>
          </div>
          <div class="test-contents d-none">
<div class="detail-head">
<div class="p-v-10">
<div class="info">
<h5 class="test-status text-fail">Register and Login Test</h5>
<span class='badge badge-success'>01.02.2024 18:26:22</span>
<span class='badge badge-danger'>01.02.2024 18:28:44</span>
<span class='badge badge-default'>00:02:22:294</span>
&middot; <span class='uri-anchor badge badge-default'>#test-id=207</span>
<span class='badge badge-default pointer float-right ml-1 et'><i class="fa fa-chevron-down"></i></span>
<span class='badge badge-default pointer float-right ct'><i class="fa fa-chevron-up"></i></span>
</div>
<div class="m-t-10 m-l-5"></div>
</div>
</div>
<div class="accordion mt-4">
  <div class="card">
    <div class="card-header" role="tab">
      <div class="card-title">
        <div class="node" id="208"><span class="badge log fail-bg mr-2">Fail</span>Register user</div>
          <div class="status-avatar float-right mr-4">
            <i class="fa fa-paperclip"></i>
          </div>
      </div>
    </div>
        <div class="">
          <div class="card-body">
              <div class="step pass-bg" title="com.automationexercise.steps.HomePageSteps.iVerifyThatHomePageIsVisibleSuccessfully()">
                <span>Given I verify that Home page is visible successfully</span>
      <div>
      </div>
              </div>
              <div class="step pass-bg" title="com.automationexercise.steps.HomePageSteps.iClickOnSignupLoginButton(java.lang.String)">
                <span>Then I click on 'Signup/Login' button</span>
      <div>
      </div>
              </div>
              <div class="step pass-bg" title="com.automationexercise.steps.LoginPageSteps.iVerifyNewUserSignupIsVisible(java.lang.String)">
                <span>When I verify 'New User Signup!' is visible</span>
      <div>
      </div>
              </div>
              <div class="step pass-bg" title="com.automationexercise.steps.LoginPageSteps.iEnterNameAndEmailAddress(java.lang.String,java.lang.String)">
                <span>And I enter 'Tesco' and 'tescoextra186@gmail.com' address</span>
      <div>
      </div>
              </div>
              <div class="step pass-bg" title="com.automationexercise.steps.LoginPageSteps.iClickSignupButton()">
                <span>And I click Signup button</span>
      <div>
      </div>
              </div>
              <div class="step fail-bg" title="com.automationexercise.steps.SignupPagesteps.iVerifyThatENTERACCOUNTINFORMATIONIsVisible(java.lang.String)">
                <span>Then I verify that 'ENTER ACCOUNT INFORMATION' is visible</span>
      <div>
        <textarea disabled class="code-block">org.openqa.selenium.NoSuchElementException: no such element: Unable to locate element: {"method":"xpath","selector":"//h2[@class='title text-center']"}
  (Session info: chrome=120.0.6099.130)
For documentation on this error, please visit: https://www.selenium.dev/documentation/webdriver/troubleshooting/errors#no-such-element-exception
Build info: version: '4.16.1', revision: '9b4c83354e'
System info: os.name: 'Windows 11', os.arch: 'amd64', os.version: '10.0', java.version: '17.0.8'
Driver info: org.openqa.selenium.chrome.ChromeDriver
Command: [dfe7401f0137435fba4c512fe8f6fcd1, findElement {using=xpath, value=//h2[@class='title text-center']}]
Capabilities {acceptInsecureCerts: false, browserName: chrome, browserVersion: 120.0.6099.130, chrome: {chromedriverVersion: 120.0.6099.109 (3419140ab66..., userDataDir: C:\Users\44795\AppData\Loca...}, fedcm:accounts: true, goog:chromeOptions: {debuggerAddress: localhost:53759}, networkConnectionEnabled: false, pageLoadStrategy: normal, platformName: windows, proxy: Proxy(), se:cdp: ws://localhost:53759/devtoo..., se:cdpVersion: 120.0.6099.130, setWindowRect: true, strictFileInteractability: false, timeouts: {implicit: 0, pageLoad: 300000, script: 30000}, unhandledPromptBehavior: dismiss and notify, webauthn:extension:credBlob: true, webauthn:extension:largeBlob: true, webauthn:extension:minPinLength: true, webauthn:extension:prf: true, webauthn:virtualAuthenticators: true}
Session ID: dfe7401f0137435fba4c512fe8f6fcd1
	at java.base/jdk.internal.reflect.NativeConstructorAccessorImpl.newInstance0(Native Method)
	at java.base/jdk.internal.reflect.NativeConstructorAccessorImpl.newInstance(NativeConstructorAccessorImpl.java:77)
	at java.base/jdk.internal.reflect.DelegatingConstructorAccessorImpl.newInstance(DelegatingConstructorAccessorImpl.java:45)
	at java.base/java.lang.reflect.Constructor.newInstanceWithCaller(Constructor.java:499)
	at java.base/java.lang.reflect.Constructor.newInstance(Constructor.java:480)
	at org.openqa.selenium.remote.codec.w3c.W3CHttpResponseCodec.createException(W3CHttpResponseCodec.java:200)
	at org.openqa.selenium.remote.codec.w3c.W3CHttpResponseCodec.decode(W3CHttpResponseCodec.java:133)
	at org.openqa.selenium.remote.codec.w3c.W3CHttpResponseCodec.decode(W3CHttpResponseCodec.java:52)
	at org.openqa.selenium.remote.HttpCommandExecutor.execute(HttpCommandExecutor.java:191)
	at org.openqa.selenium.remote.service.DriverCommandExecutor.invokeExecute(DriverCommandExecutor.java:200)
	at org.openqa.selenium.remote.service.DriverCommandExecutor.execute(DriverCommandExecutor.java:175)
	at org.openqa.selenium.remote.RemoteWebDriver.execute(RemoteWebDriver.java:523)
	at org.openqa.selenium.remote.ElementLocation$ElementFinder$2.findElement(ElementLocation.java:165)
	at org.openqa.selenium.remote.ElementLocation.findElement(ElementLocation.java:59)
	at org.openqa.selenium.remote.RemoteWebDriver.findElement(RemoteWebDriver.java:360)
	at org.openqa.selenium.remote.RemoteWebDriver.findElement(RemoteWebDriver.java:354)
	at org.openqa.selenium.support.pagefactory.DefaultElementLocator.findElement(DefaultElementLocator.java:68)
	at org.openqa.selenium.support.pagefactory.internal.LocatingElementHandler.invoke(LocatingElementHandler.java:38)
	at jdk.proxy2/jdk.proxy2.$Proxy28.getText(Unknown Source)
	at com.automationexercise.utility.Utility.getTextFromElement(Utility.java:64)
	at com.automationexercise.pages.RegisterPage.getAccountInformationText(RegisterPage.java:109)
	at com.automationexercise.steps.SignupPagesteps.iVerifyThatENTERACCOUNTINFORMATIONIsVisible(SignupPagesteps.java:14)
	at ✽.I verify that 'ENTER ACCOUNT INFORMATION' is visible(file:///C:/Users/44795/Homework/automationexercise-cucumber/src/test/resources/features/register.feature:12)
</textarea>
      
      </div>
              </div>
              <div class="step skip-bg" title="com.automationexercise.steps.SignupPagesteps.iFillDetailsMrTescoTescoextraGmailComTescoDecember(java.lang.String,java.lang.String,java.lang.String,java.lang.String,java.lang.String,java.lang.String,java.lang.String)">
                <span>And I fill details: 'Mr.', 'Tesco', 'tescoextra186@gmail.com', 'Tesco953', '23', 'December', '1995'</span>
      <div>Step skipped
      </div>
              </div>
              <div class="step skip-bg" title="com.automationexercise.steps.SignupPagesteps.iSelectCheckboxSignUpForOurNewsletter(java.lang.String)">
                <span>And I Select checkbox 'Sign up for our newsletter!'</span>
      <div>Step skipped
      </div>
              </div>
              <div class="step skip-bg" title="com.automationexercise.steps.SignupPagesteps.iSelectCheckboxSignUpForOurNewsletter(java.lang.String)">
                <span>And I Select checkbox 'Receive special offers from our partners!'</span>
      <div>Step skipped
      </div>
              </div>
              <div class="step skip-bg" title="com.automationexercise.steps.SignupPagesteps.iFillDetailsFirstNameLastNameCompanyAddressAddressCountryStateCityZipcodeMobileNumber(java.lang.String,java.lang.String,java.lang.String,java.lang.String,java.lang.String,java.lang.String,java.lang.String,java.lang.String,java.lang.String,java.lang.String)">
                <span>And I Fill details: 'Tesco', 'Extra', 'Tesco Plc', '101 Close Avenue', 'Nagra', 'India', 'Gujarat', 'Khambhat', '388170', '07985456321'</span>
      <div>Step skipped
      </div>
              </div>
              <div class="step skip-bg" title="com.automationexercise.steps.SignupPagesteps.iClickCreateAccountButton()">
                <span>And I click Create Account button</span>
      <div>Step skipped
      </div>
              </div>
              <div class="step skip-bg" title="com.automationexercise.steps.SignupPagesteps.iVerifyThatENTERACCOUNTINFORMATIONIsVisible(java.lang.String)">
                <span>Then I verify that 'ACCOUNT CREATED!' is visible</span>
      <div>Step skipped
      </div>
              </div>
              <div class="step skip-bg" title="com.automationexercise.steps.SignupPagesteps.iClickContinueButton()">
                <span>And I click continue button</span>
      <div>Step skipped
      </div>
              </div>
              <div class="step skip-bg" title="com.automationexercise.steps.HomePageSteps.iVerifyThatLoggedInAsUsernameIsVisible()">
                <span>And I verify  that Logged in as username is visible</span>
      <div>Step skipped
      </div>
              </div>
              <div class="step skip-bg" title="com.automationexercise.steps.HomePageSteps.iClickDeleteAccountButton()">
                <span>And I click Delete Account button</span>
      <div>Step skipped
      </div>
              </div>
              <div class="step skip-bg" title="com.automationexercise.steps.HomePageSteps.iVerifyThatACCOUNTDELETEDIsVisibleAndClickContinueButton(java.lang.String,java.lang.String)">
                <span>And I verify that 'ACCOUNT DELETED!' is visible and click 'Continue' button</span>
      <div>Step skipped
      </div>
              </div>
              <div class="step pass-bg" title="AFTER">
                <span>com.automationexercise.steps.Hooks.tearDown(io.cucumber.java.Scenario)</span>
      <div>Register user
          <div class="row mb-3"><div class="col-md-3">
<img data-featherlight='../screenshots/embedded5.png' src="../screenshots/embedded5.png">
    
    </div></div>
</div>
      <div>
      </div>
              </div>
          </div>
        </div>
  </div>
  <div class="card">
    <div class="card-header" role="tab">
      <div class="card-title">
        <div class="node" id="227"><span class="badge log pass-bg mr-2">Pass</span>Login User with incorrect email and password</div>
      </div>
    </div>
        <div class="collapse">
          <div class="card-body">
              <div class="step pass-bg" title="com.automationexercise.steps.HomePageSteps.iVerifyThatHomePageIsVisibleSuccessfully()">
                <span>Given I verify that Home page is visible successfully</span>
      <div>
      </div>
              </div>
              <div class="step pass-bg" title="com.automationexercise.steps.HomePageSteps.iClickOnSignupLoginButton(java.lang.String)">
                <span>Then I click on 'Signup/Login' button</span>
      <div>
      </div>
              </div>
              <div class="step pass-bg" title="com.automationexercise.steps.LoginPageSteps.iVerifyLoginToYourAccountIsVisible()">
                <span>When I verify Login to your account is visible</span>
      <div>
      </div>
              </div>
              <div class="step pass-bg" title="com.automationexercise.steps.LoginPageSteps.iEnterCorrectEmailAndPassword(java.lang.String,java.lang.String)">
                <span>And I Enter correct 'pravin555@gmail.com' and 'pravin1234'</span>
      <div>
      </div>
              </div>
              <div class="step pass-bg" title="com.automationexercise.steps.LoginPageSteps.iClickLoginButton()">
                <span>And I Click login button</span>
      <div>
      </div>
              </div>
              <div class="step pass-bg" title="com.automationexercise.steps.LoginPageSteps.iVerifyErrorYourEmailOrPasswordIsIncorrectIsVisible(java.lang.String)">
                <span>Then I verify error 'Your email or password is incorrect!' is visible</span>
      <div>
      </div>
              </div>
          </div>
        </div>
  </div>
  <div class="card">
    <div class="card-header" role="tab">
      <div class="card-title">
        <div class="node" id="236"><span class="badge log fail-bg mr-2">Fail</span>Logout User</div>
          <div class="status-avatar float-right mr-4">
            <i class="fa fa-paperclip"></i>
          </div>
      </div>
    </div>
        <div class="">
          <div class="card-body">
              <div class="step pass-bg" title="com.automationexercise.steps.HomePageSteps.iVerifyThatHomePageIsVisibleSuccessfully()">
                <span>Given I verify that Home page is visible successfully</span>
      <div>
      </div>
              </div>
              <div class="step pass-bg" title="com.automationexercise.steps.HomePageSteps.iClickOnSignupLoginButton(java.lang.String)">
                <span>Then I click on 'Signup/Login' button</span>
      <div>
      </div>
              </div>
              <div class="step pass-bg" title="com.automationexercise.steps.LoginPageSteps.iVerifyLoginToYourAccountIsVisible()">
                <span>When I verify Login to your account is visible</span>
      <div>
      </div>
              </div>
              <div class="step pass-bg" title="com.automationexercise.steps.LoginPageSteps.iEnterCorrectEmailAndPassword(java.lang.String,java.lang.String)">
                <span>And I Enter correct 'tescoextra555@gmail.com' and 'Tesco999'</span>
      <div>
      </div>
              </div>
              <div class="step pass-bg" title="com.automationexercise.steps.LoginPageSteps.iClickLoginButton()">
                <span>And I Click login button</span>
      <div>
      </div>
              </div>
              <div class="step fail-bg" title="com.automationexercise.steps.HomePageSteps.iVerifyLoggedInAsUsernameIsVisible()">
                <span>Then I verify Logged in as username is visible</span>
      <div>
        <textarea disabled class="code-block">org.openqa.selenium.NoSuchElementException: no such element: Unable to locate element: {"method":"xpath","selector":"//b[normalize-space()='Tesco']"}
  (Session info: chrome=120.0.6099.130)
For documentation on this error, please visit: https://www.selenium.dev/documentation/webdriver/troubleshooting/errors#no-such-element-exception
Build info: version: '4.16.1', revision: '9b4c83354e'
System info: os.name: 'Windows 11', os.arch: 'amd64', os.version: '10.0', java.version: '17.0.8'
Driver info: org.openqa.selenium.chrome.ChromeDriver
Command: [1a773d354505b65d83161c71d441de85, findElement {using=xpath, value=//b[normalize-space()='Tesco']}]
Capabilities {acceptInsecureCerts: false, browserName: chrome, browserVersion: 120.0.6099.130, chrome: {chromedriverVersion: 120.0.6099.109 (3419140ab66..., userDataDir: C:\Users\44795\AppData\Loca...}, fedcm:accounts: true, goog:chromeOptions: {debuggerAddress: localhost:53868}, networkConnectionEnabled: false, pageLoadStrategy: normal, platformName: windows, proxy: Proxy(), se:cdp: ws://localhost:53868/devtoo..., se:cdpVersion: 120.0.6099.130, setWindowRect: true, strictFileInteractability: false, timeouts: {implicit: 0, pageLoad: 300000, script: 30000}, unhandledPromptBehavior: dismiss and notify, webauthn:extension:credBlob: true, webauthn:extension:largeBlob: true, webauthn:extension:minPinLength: true, webauthn:extension:prf: true, webauthn:virtualAuthenticators: true}
Session ID: 1a773d354505b65d83161c71d441de85
	at java.base/jdk.internal.reflect.NativeConstructorAccessorImpl.newInstance0(Native Method)
	at java.base/jdk.internal.reflect.NativeConstructorAccessorImpl.newInstance(NativeConstructorAccessorImpl.java:77)
	at java.base/jdk.internal.reflect.DelegatingConstructorAccessorImpl.newInstance(DelegatingConstructorAccessorImpl.java:45)
	at java.base/java.lang.reflect.Constructor.newInstanceWithCaller(Constructor.java:499)
	at java.base/java.lang.reflect.Constructor.newInstance(Constructor.java:480)
	at org.openqa.selenium.remote.codec.w3c.W3CHttpResponseCodec.createException(W3CHttpResponseCodec.java:200)
	at org.openqa.selenium.remote.codec.w3c.W3CHttpResponseCodec.decode(W3CHttpResponseCodec.java:133)
	at org.openqa.selenium.remote.codec.w3c.W3CHttpResponseCodec.decode(W3CHttpResponseCodec.java:52)
	at org.openqa.selenium.remote.HttpCommandExecutor.execute(HttpCommandExecutor.java:191)
	at org.openqa.selenium.remote.service.DriverCommandExecutor.invokeExecute(DriverCommandExecutor.java:200)
	at org.openqa.selenium.remote.service.DriverCommandExecutor.execute(DriverCommandExecutor.java:175)
	at org.openqa.selenium.remote.RemoteWebDriver.execute(RemoteWebDriver.java:523)
	at org.openqa.selenium.remote.ElementLocation$ElementFinder$2.findElement(ElementLocation.java:165)
	at org.openqa.selenium.remote.ElementLocation.findElement(ElementLocation.java:59)
	at org.openqa.selenium.remote.RemoteWebDriver.findElement(RemoteWebDriver.java:360)
	at org.openqa.selenium.remote.RemoteWebDriver.findElement(RemoteWebDriver.java:354)
	at org.openqa.selenium.support.pagefactory.DefaultElementLocator.findElement(DefaultElementLocator.java:68)
	at org.openqa.selenium.support.pagefactory.internal.LocatingElementHandler.invoke(LocatingElementHandler.java:38)
	at jdk.proxy2/jdk.proxy2.$Proxy28.getText(Unknown Source)
	at com.automationexercise.utility.Utility.getTextFromElement(Utility.java:64)
	at com.automationexercise.pages.AccountPage.getUserName(AccountPage.java:29)
	at com.automationexercise.steps.HomePageSteps.iVerifyLoggedInAsUsernameIsVisible(HomePageSteps.java:50)
	at ✽.I verify Logged in as username is visible(file:///C:/Users/44795/Homework/automationexercise-cucumber/src/test/resources/features/register.feature:36)
</textarea>
      
      </div>
              </div>
              <div class="step skip-bg" title="com.automationexercise.steps.HomePageSteps.iClickLogoutButton()">
                <span>And I click Logout button</span>
      <div>Step skipped
      </div>
              </div>
              <div class="step skip-bg" title="com.automationexercise.steps.LoginPageSteps.iVerifyThatUserIsNavigatedToLoginPage()">
                <span>Then I verify that user is navigated to login page</span>
      <div>Step skipped
      </div>
              </div>
              <div class="step pass-bg" title="AFTER">
                <span>com.automationexercise.steps.Hooks.tearDown(io.cucumber.java.Scenario)</span>
      <div>Logout User
          <div class="row mb-3"><div class="col-md-3">
<img data-featherlight='../screenshots/embedded6.png' src="../screenshots/embedded6.png">
    
    </div></div>
</div>
      <div>
      </div>
              </div>
          </div>
        </div>
  </div>
  <div class="card">
    <div class="card-header" role="tab">
      <div class="card-title">
        <div class="node" id="247"><span class="badge log fail-bg mr-2">Fail</span>Register User with existing email</div>
          <div class="status-avatar float-right mr-4">
            <i class="fa fa-paperclip"></i>
          </div>
      </div>
    </div>
        <div class="">
          <div class="card-body">
              <div class="step pass-bg" title="com.automationexercise.steps.HomePageSteps.iVerifyThatHomePageIsVisibleSuccessfully()">
                <span>Given I verify that Home page is visible successfully</span>
      <div>
      </div>
              </div>
              <div class="step pass-bg" title="com.automationexercise.steps.HomePageSteps.iClickOnSignupLoginButton(java.lang.String)">
                <span>Then I click on 'Signup/Login' button</span>
      <div>
      </div>
              </div>
              <div class="step pass-bg" title="com.automationexercise.steps.LoginPageSteps.iVerifyNewUserSignupIsVisible(java.lang.String)">
                <span>When I verify 'New User Signup!' is visible</span>
      <div>
      </div>
              </div>
              <div class="step pass-bg" title="com.automationexercise.steps.LoginPageSteps.iEnterNameAndEmailAddress(java.lang.String,java.lang.String)">
                <span>And I enter 'Tesco' and 'tescoextra555@gmail.com' address</span>
      <div>
      </div>
              </div>
              <div class="step pass-bg" title="com.automationexercise.steps.LoginPageSteps.iClickSignupButton()">
                <span>And I click Signup button</span>
      <div>
      </div>
              </div>
              <div class="step fail-bg" title="com.automationexercise.steps.LoginPageSteps.iVerifyErrorEmailAddressAlreadyExistIsVisible()">
                <span>Then I verify error Email Address already exist! is visible</span>
      <div>
        <textarea disabled class="code-block">org.openqa.selenium.NoSuchElementException: no such element: Unable to locate element: {"method":"xpath","selector":"//p[normalize-space()='Email Address already exist!']"}
  (Session info: chrome=120.0.6099.130)
For documentation on this error, please visit: https://www.selenium.dev/documentation/webdriver/troubleshooting/errors#no-such-element-exception
Build info: version: '4.16.1', revision: '9b4c83354e'
System info: os.name: 'Windows 11', os.arch: 'amd64', os.version: '10.0', java.version: '17.0.8'
Driver info: org.openqa.selenium.chrome.ChromeDriver
Command: [0c1dff4560423b00be9bf5c8241065e7, findElement {using=xpath, value=//p[normalize-space()='Email Address already exist!']}]
Capabilities {acceptInsecureCerts: false, browserName: chrome, browserVersion: 120.0.6099.130, chrome: {chromedriverVersion: 120.0.6099.109 (3419140ab66..., userDataDir: C:\Users\44795\AppData\Loca...}, fedcm:accounts: true, goog:chromeOptions: {debuggerAddress: localhost:53934}, networkConnectionEnabled: false, pageLoadStrategy: normal, platformName: windows, proxy: Proxy(), se:cdp: ws://localhost:53934/devtoo..., se:cdpVersion: 120.0.6099.130, setWindowRect: true, strictFileInteractability: false, timeouts: {implicit: 0, pageLoad: 300000, script: 30000}, unhandledPromptBehavior: dismiss and notify, webauthn:extension:credBlob: true, webauthn:extension:largeBlob: true, webauthn:extension:minPinLength: true, webauthn:extension:prf: true, webauthn:virtualAuthenticators: true}
Session ID: 0c1dff4560423b00be9bf5c8241065e7
	at java.base/jdk.internal.reflect.NativeConstructorAccessorImpl.newInstance0(Native Method)
	at java.base/jdk.internal.reflect.NativeConstructorAccessorImpl.newInstance(NativeConstructorAccessorImpl.java:77)
	at java.base/jdk.internal.reflect.DelegatingConstructorAccessorImpl.newInstance(DelegatingConstructorAccessorImpl.java:45)
	at java.base/java.lang.reflect.Constructor.newInstanceWithCaller(Constructor.java:499)
	at java.base/java.lang.reflect.Constructor.newInstance(Constructor.java:480)
	at org.openqa.selenium.remote.codec.w3c.W3CHttpResponseCodec.createException(W3CHttpResponseCodec.java:200)
	at org.openqa.selenium.remote.codec.w3c.W3CHttpResponseCodec.decode(W3CHttpResponseCodec.java:133)
	at org.openqa.selenium.remote.codec.w3c.W3CHttpResponseCodec.decode(W3CHttpResponseCodec.java:52)
	at org.openqa.selenium.remote.HttpCommandExecutor.execute(HttpCommandExecutor.java:191)
	at org.openqa.selenium.remote.service.DriverCommandExecutor.invokeExecute(DriverCommandExecutor.java:200)
	at org.openqa.selenium.remote.service.DriverCommandExecutor.execute(DriverCommandExecutor.java:175)
	at org.openqa.selenium.remote.RemoteWebDriver.execute(RemoteWebDriver.java:523)
	at org.openqa.selenium.remote.ElementLocation$ElementFinder$2.findElement(ElementLocation.java:165)
	at org.openqa.selenium.remote.ElementLocation.findElement(ElementLocation.java:59)
	at org.openqa.selenium.remote.RemoteWebDriver.findElement(RemoteWebDriver.java:360)
	at org.openqa.selenium.remote.RemoteWebDriver.findElement(RemoteWebDriver.java:354)
	at org.openqa.selenium.support.pagefactory.DefaultElementLocator.findElement(DefaultElementLocator.java:68)
	at org.openqa.selenium.support.pagefactory.internal.LocatingElementHandler.invoke(LocatingElementHandler.java:38)
	at jdk.proxy2/jdk.proxy2.$Proxy28.getText(Unknown Source)
	at com.automationexercise.utility.Utility.getTextFromElement(Utility.java:64)
	at com.automationexercise.pages.LoginPage.getSignupErrorText(LoginPage.java:68)
	at com.automationexercise.steps.LoginPageSteps.iVerifyErrorEmailAddressAlreadyExistIsVisible(LoginPageSteps.java:70)
	at ✽.I verify error Email Address already exist! is visible(file:///C:/Users/44795/Homework/automationexercise-cucumber/src/test/resources/features/register.feature:45)
</textarea>
      
      </div>
              </div>
              <div class="step pass-bg" title="AFTER">
                <span>com.automationexercise.steps.Hooks.tearDown(io.cucumber.java.Scenario)</span>
      <div>Register User with existing email
          <div class="row mb-3"><div class="col-md-3">
<img data-featherlight='../screenshots/embedded7.png' src="../screenshots/embedded7.png">
    
    </div></div>
</div>
      <div>
      </div>
              </div>
          </div>
        </div>
  </div>
  <div class="card">
    <div class="card-header" role="tab">
      <div class="card-title">
        <div class="node" id="256"><span class="badge log fail-bg mr-2">Fail</span>Login User with correct email and password</div>
          <div class="status-avatar float-right mr-4">
            <i class="fa fa-paperclip"></i>
          </div>
      </div>
    </div>
        <div class="">
          <div class="card-body">
              <div class="step pass-bg" title="com.automationexercise.steps.HomePageSteps.iVerifyThatHomePageIsVisibleSuccessfully()">
                <span>Given I verify that Home page is visible successfully</span>
      <div>
      </div>
              </div>
              <div class="step pass-bg" title="com.automationexercise.steps.HomePageSteps.iClickOnSignupLoginButton(java.lang.String)">
                <span>Then I click on 'Signup/Login' button</span>
      <div>
      </div>
              </div>
              <div class="step pass-bg" title="com.automationexercise.steps.LoginPageSteps.iVerifyLoginToYourAccountIsVisible()">
                <span>When I verify Login to your account is visible</span>
      <div>
      </div>
              </div>
              <div class="step pass-bg" title="com.automationexercise.steps.LoginPageSteps.iEnterCorrectEmailAndPassword(java.lang.String,java.lang.String)">
                <span>And I Enter correct 'tescoextra555@gmail.com' and 'Tesco999'</span>
      <div>
      </div>
              </div>
              <div class="step pass-bg" title="com.automationexercise.steps.LoginPageSteps.iClickLoginButton()">
                <span>And I Click login button</span>
      <div>
      </div>
              </div>
              <div class="step fail-bg" title="com.automationexercise.steps.HomePageSteps.iVerifyLoggedInAsUsernameIsVisible()">
                <span>Then I verify Logged in as username is visible</span>
      <div>
        <textarea disabled class="code-block">org.openqa.selenium.NoSuchElementException: no such element: Unable to locate element: {"method":"xpath","selector":"//b[normalize-space()='Tesco']"}
  (Session info: chrome=120.0.6099.130)
For documentation on this error, please visit: https://www.selenium.dev/documentation/webdriver/troubleshooting/errors#no-such-element-exception
Build info: version: '4.16.1', revision: '9b4c83354e'
System info: os.name: 'Windows 11', os.arch: 'amd64', os.version: '10.0', java.version: '17.0.8'
Driver info: org.openqa.selenium.chrome.ChromeDriver
Command: [2d13e53a7ca34092e78607d069b20981, findElement {using=xpath, value=//b[normalize-space()='Tesco']}]
Capabilities {acceptInsecureCerts: false, browserName: chrome, browserVersion: 120.0.6099.130, chrome: {chromedriverVersion: 120.0.6099.109 (3419140ab66..., userDataDir: C:\Users\44795\AppData\Loca...}, fedcm:accounts: true, goog:chromeOptions: {debuggerAddress: localhost:53999}, networkConnectionEnabled: false, pageLoadStrategy: normal, platformName: windows, proxy: Proxy(), se:cdp: ws://localhost:53999/devtoo..., se:cdpVersion: 120.0.6099.130, setWindowRect: true, strictFileInteractability: false, timeouts: {implicit: 0, pageLoad: 300000, script: 30000}, unhandledPromptBehavior: dismiss and notify, webauthn:extension:credBlob: true, webauthn:extension:largeBlob: true, webauthn:extension:minPinLength: true, webauthn:extension:prf: true, webauthn:virtualAuthenticators: true}
Session ID: 2d13e53a7ca34092e78607d069b20981
	at java.base/jdk.internal.reflect.NativeConstructorAccessorImpl.newInstance0(Native Method)
	at java.base/jdk.internal.reflect.NativeConstructorAccessorImpl.newInstance(NativeConstructorAccessorImpl.java:77)
	at java.base/jdk.internal.reflect.DelegatingConstructorAccessorImpl.newInstance(DelegatingConstructorAccessorImpl.java:45)
	at java.base/java.lang.reflect.Constructor.newInstanceWithCaller(Constructor.java:499)
	at java.base/java.lang.reflect.Constructor.newInstance(Constructor.java:480)
	at org.openqa.selenium.remote.codec.w3c.W3CHttpResponseCodec.createException(W3CHttpResponseCodec.java:200)
	at org.openqa.selenium.remote.codec.w3c.W3CHttpResponseCodec.decode(W3CHttpResponseCodec.java:133)
	at org.openqa.selenium.remote.codec.w3c.W3CHttpResponseCodec.decode(W3CHttpResponseCodec.java:52)
	at org.openqa.selenium.remote.HttpCommandExecutor.execute(HttpCommandExecutor.java:191)
	at org.openqa.selenium.remote.service.DriverCommandExecutor.invokeExecute(DriverCommandExecutor.java:200)
	at org.openqa.selenium.remote.service.DriverCommandExecutor.execute(DriverCommandExecutor.java:175)
	at org.openqa.selenium.remote.RemoteWebDriver.execute(RemoteWebDriver.java:523)
	at org.openqa.selenium.remote.ElementLocation$ElementFinder$2.findElement(ElementLocation.java:165)
	at org.openqa.selenium.remote.ElementLocation.findElement(ElementLocation.java:59)
	at org.openqa.selenium.remote.RemoteWebDriver.findElement(RemoteWebDriver.java:360)
	at org.openqa.selenium.remote.RemoteWebDriver.findElement(RemoteWebDriver.java:354)
	at org.openqa.selenium.support.pagefactory.DefaultElementLocator.findElement(DefaultElementLocator.java:68)
	at org.openqa.selenium.support.pagefactory.internal.LocatingElementHandler.invoke(LocatingElementHandler.java:38)
	at jdk.proxy2/jdk.proxy2.$Proxy28.getText(Unknown Source)
	at com.automationexercise.utility.Utility.getTextFromElement(Utility.java:64)
	at com.automationexercise.pages.AccountPage.getUserName(AccountPage.java:29)
	at com.automationexercise.steps.HomePageSteps.iVerifyLoggedInAsUsernameIsVisible(HomePageSteps.java:50)
	at ✽.I verify Logged in as username is visible(file:///C:/Users/44795/Homework/automationexercise-cucumber/src/test/resources/features/register.feature:51)
</textarea>
      
      </div>
              </div>
              <div class="step skip-bg" title="com.automationexercise.steps.LoginPageSteps.iClickDeleteAccountButton()">
                <span>And I Click Delete Account button</span>
      <div>Step skipped
      </div>
              </div>
              <div class="step skip-bg" title="com.automationexercise.steps.PaymentPageSteps.iVerifyACCOUNTDELETEDAndClickContinueButton(java.lang.String)">
                <span>And I verify 'ACCOUNT DELETED!' and click Continue button</span>
      <div>Step skipped
      </div>
              </div>
              <div class="step pass-bg" title="AFTER">
                <span>com.automationexercise.steps.Hooks.tearDown(io.cucumber.java.Scenario)</span>
      <div>Login User with correct email and password
          <div class="row mb-3"><div class="col-md-3">
<img data-featherlight='../screenshots/embedded8.png' src="../screenshots/embedded8.png">
    
    </div></div>
</div>
      <div>
      </div>
              </div>
          </div>
        </div>
  </div>
</div>
          </div>
        </li>
        <li class="test-item"  status="pass" test-id="267"
          author=""
          tag=""
          device="">
          <div class="test-detail">
            <p class="name">Review And Recommended Items in Cart Test</p>
            <p class="text-sm">
              <span>18:28:44</span> / <span>00:00:34:777</span>
              <span class="badge pass-bg log float-right">Pass</span>
            </p>
          </div>
          <div class="test-contents d-none">
<div class="detail-head">
<div class="p-v-10">
<div class="info">
<h5 class="test-status text-pass">Review And Recommended Items in Cart Test</h5>
<span class='badge badge-success'>01.02.2024 18:28:44</span>
<span class='badge badge-danger'>01.02.2024 18:29:19</span>
<span class='badge badge-default'>00:00:34:777</span>
&middot; <span class='uri-anchor badge badge-default'>#test-id=267</span>
<span class='badge badge-default pointer float-right ml-1 et'><i class="fa fa-chevron-down"></i></span>
<span class='badge badge-default pointer float-right ct'><i class="fa fa-chevron-up"></i></span>
</div>
<div class="m-t-10 m-l-5"></div>
</div>
</div>
<div class="accordion mt-4">
  <div class="card">
    <div class="card-header" role="tab">
      <div class="card-title">
        <div class="node" id="268"><span class="badge log pass-bg mr-2">Pass</span>Add review on product</div>
      </div>
    </div>
        <div class="collapse">
          <div class="card-body">
              <div class="step pass-bg" title="com.automationexercise.steps.HomePageSteps.iVerifyThatHomePageIsVisibleSuccessfully()">
                <span>Given I verify that Home page is visible successfully</span>
      <div>
      </div>
              </div>
              <div class="step pass-bg" title="com.automationexercise.steps.HomePageSteps.iClickOnProductsButton()">
                <span>When I Click on products button</span>
      <div>
      </div>
              </div>
              <div class="step pass-bg" title="com.automationexercise.steps.ProductPageSteps.iVerifyUserIsNavigatedToALLPRODUCTSPageSuccessfully()">
                <span>Then I verify user is navigated to ALL PRODUCTS page successfully</span>
      <div>
      </div>
              </div>
              <div class="step pass-bg" title="com.automationexercise.steps.ReviewPageSteps.iClickOnViewProductButton()">
                <span>And I click on View product button</span>
      <div>
      </div>
              </div>
              <div class="step pass-bg" title="com.automationexercise.steps.ReviewPageSteps.iVerifyWriteYourReviewIsVisible()">
                <span>Then I verify Write Your Review is visible</span>
      <div>
      </div>
              </div>
              <div class="step pass-bg" title="com.automationexercise.steps.ReviewPageSteps.iEnterNameEmailAndReview(java.lang.String,java.lang.String,java.lang.String)">
                <span>And I Enter 'Tesco', 'tesco1234@email.com' and 'I like This Dress'</span>
      <div>
      </div>
              </div>
              <div class="step pass-bg" title="com.automationexercise.steps.ReviewPageSteps.iClickOnSubmitButton()">
                <span>And I Click on Submit button</span>
      <div>
      </div>
              </div>
              <div class="step pass-bg" title="com.automationexercise.steps.ReviewPageSteps.iVerifySuccessMessageThankYouForYourReview()">
                <span>And I verify success message Thank you for your review.</span>
      <div>
      </div>
              </div>
          </div>
        </div>
  </div>
  <div class="card">
    <div class="card-header" role="tab">
      <div class="card-title">
        <div class="node" id="279"><span class="badge log pass-bg mr-2">Pass</span>Add to cart from Recommended items</div>
      </div>
    </div>
        <div class="collapse">
          <div class="card-body">
              <div class="step pass-bg" title="com.automationexercise.steps.HomePageSteps.iVerifyThatHomePageIsVisibleSuccessfully()">
                <span>Given I verify that Home page is visible successfully</span>
      <div>
      </div>
              </div>
              <div class="step pass-bg" title="com.automationexercise.steps.ReviewPageSteps.iScrollToBottomOfPage()">
                <span>When I Scroll to bottom of page</span>
      <div>
      </div>
              </div>
              <div class="step pass-bg" title="com.automationexercise.steps.ReviewPageSteps.iVerifyRECOMMENDEDITEMSAreVisible()">
                <span>And I verify RECOMMENDED ITEMS are visible</span>
      <div>
      </div>
              </div>
              <div class="step pass-bg" title="com.automationexercise.steps.ReviewPageSteps.iClickOnAddToCartOnRecommendedProduct()">
                <span>And I Click on Add To Cart on Recommended product</span>
      <div>
      </div>
              </div>
              <div class="step pass-bg" title="com.automationexercise.steps.ReviewPageSteps.iClickOnViewCartButton()">
                <span>And I click on View Cart button</span>
      <div>
      </div>
              </div>
              <div class="step pass-bg" title="com.automationexercise.steps.ReviewPageSteps.iVerifyThatProductIsDisplayedInCartPage()">
                <span>Then I Verify that product is displayed in cart page</span>
      <div>
      </div>
              </div>
          </div>
        </div>
  </div>
</div>
          </div>
        </li>
        <li class="test-item"  status="pass" test-id="288"
          author=""
          tag=""
          device="">
          <div class="test-detail">
            <p class="name">Subscription Test</p>
            <p class="text-sm">
              <span>18:29:19</span> / <span>00:00:18:533</span>
              <span class="badge pass-bg log float-right">Pass</span>
            </p>
          </div>
          <div class="test-contents d-none">
<div class="detail-head">
<div class="p-v-10">
<div class="info">
<h5 class="test-status text-pass">Subscription Test</h5>
<span class='badge badge-success'>01.02.2024 18:29:19</span>
<span class='badge badge-danger'>01.02.2024 18:29:37</span>
<span class='badge badge-default'>00:00:18:533</span>
&middot; <span class='uri-anchor badge badge-default'>#test-id=288</span>
<span class='badge badge-default pointer float-right ml-1 et'><i class="fa fa-chevron-down"></i></span>
<span class='badge badge-default pointer float-right ct'><i class="fa fa-chevron-up"></i></span>
</div>
<div class="m-t-10 m-l-5"></div>
</div>
</div>
<div class="accordion mt-4">
  <div class="card">
    <div class="card-header" role="tab">
      <div class="card-title">
        <div class="node" id="289"><span class="badge log pass-bg mr-2">Pass</span>Verify Subscription in home page</div>
      </div>
    </div>
        <div class="collapse">
          <div class="card-body">
              <div class="step pass-bg" title="com.automationexercise.steps.HomePageSteps.iVerifyThatHomePageIsVisibleSuccessfully()">
                <span>Given I verify that Home page is visible successfully</span>
      <div>
      </div>
              </div>
              <div class="step pass-bg" title="com.automationexercise.steps.HomePageSteps.iScrollDownToFooter()">
                <span>When I scroll down to footer</span>
      <div>
      </div>
              </div>
              <div class="step pass-bg" title="com.automationexercise.steps.HomePageSteps.iVerifyTextSUBSCRIPTION(java.lang.String)">
                <span>And I verify text 'SUBSCRIPTION'</span>
      <div>
      </div>
              </div>
              <div class="step pass-bg" title="com.automationexercise.steps.HomePageSteps.iEnterEmailAddressInInputAndClickArrowButton(java.lang.String)">
                <span>And I Enter 'tescoextra456@gmail.com' address in input and click arrow button</span>
      <div>
      </div>
              </div>
              <div class="step pass-bg" title="com.automationexercise.steps.HomePageSteps.iVerifyThatSuccessMessageYouHaveBeenSuccessfullySubscribedIsVisible(java.lang.String)">
                <span>Then I verify that success message 'You have been successfully subscribed!' is visible</span>
      <div>
      </div>
              </div>
          </div>
        </div>
  </div>
  <div class="card">
    <div class="card-header" role="tab">
      <div class="card-title">
        <div class="node" id="297"><span class="badge log pass-bg mr-2">Pass</span>Verify Subscription in Cart page</div>
      </div>
    </div>
        <div class="collapse">
          <div class="card-body">
              <div class="step pass-bg" title="com.automationexercise.steps.HomePageSteps.iVerifyThatHomePageIsVisibleSuccessfully()">
                <span>Given I verify that Home page is visible successfully</span>
      <div>
      </div>
              </div>
              <div class="step pass-bg" title="com.automationexercise.steps.HomePageSteps.iClickCartButton(java.lang.String)">
                <span>When I click 'cart' button</span>
      <div>
      </div>
              </div>
              <div class="step pass-bg" title="com.automationexercise.steps.HomePageSteps.iScrollDownToFooter()">
                <span>And I scroll down to footer</span>
      <div>
      </div>
              </div>
              <div class="step pass-bg" title="com.automationexercise.steps.HomePageSteps.iVerifyTextSUBSCRIPTION(java.lang.String)">
                <span>And I verify text 'SUBSCRIPTION'</span>
      <div>
      </div>
              </div>
              <div class="step pass-bg" title="com.automationexercise.steps.HomePageSteps.iEnterEmailAddressInInputAndClickArrowButton(java.lang.String)">
                <span>And I Enter 'tescoextra456@gmail.com' address in input and click arrow button</span>
      <div>
      </div>
              </div>
              <div class="step pass-bg" title="com.automationexercise.steps.HomePageSteps.iVerifyThatSuccessMessageYouHaveBeenSuccessfullySubscribedIsVisible(java.lang.String)">
                <span>Then I verify that success message 'You have been successfully subscribed!' is visible</span>
      <div>
      </div>
              </div>
          </div>
        </div>
  </div>
</div>
          </div>
        </li>
        <li class="test-item"  status="fail" test-id="306"
          author=""
          tag=""
          device="">
          <div class="test-detail">
            <p class="name">Verify Products Test</p>
            <p class="text-sm">
              <span>18:29:37</span> / <span>00:00:26:215</span>
              <span class="badge fail-bg log float-right">Fail</span>
            </p>
          </div>
          <div class="test-contents d-none">
<div class="detail-head">
<div class="p-v-10">
<div class="info">
<h5 class="test-status text-fail">Verify Products Test</h5>
<span class='badge badge-success'>01.02.2024 18:29:37</span>
<span class='badge badge-danger'>01.02.2024 18:30:04</span>
<span class='badge badge-default'>00:00:26:215</span>
&middot; <span class='uri-anchor badge badge-default'>#test-id=306</span>
<span class='badge badge-default pointer float-right ml-1 et'><i class="fa fa-chevron-down"></i></span>
<span class='badge badge-default pointer float-right ct'><i class="fa fa-chevron-up"></i></span>
</div>
<div class="m-t-10 m-l-5"></div>
</div>
</div>
<div class="accordion mt-4">
  <div class="card">
    <div class="card-header" role="tab">
      <div class="card-title">
        <div class="node" id="307"><span class="badge log fail-bg mr-2">Fail</span>Verify All Products and product detail page</div>
          <div class="status-avatar float-right mr-4">
            <i class="fa fa-paperclip"></i>
          </div>
      </div>
    </div>
        <div class="">
          <div class="card-body">
              <div class="step pass-bg" title="com.automationexercise.steps.HomePageSteps.iVerifyThatHomePageIsVisibleSuccessfully()">
                <span>Given I verify that Home page is visible successfully</span>
      <div>
      </div>
              </div>
              <div class="step pass-bg" title="com.automationexercise.steps.HomePageSteps.iClickOnProductsButton()">
                <span>When I Click on products button</span>
      <div>
      </div>
              </div>
              <div class="step fail-bg" title="com.automationexercise.steps.ProductPageSteps.iVerifyUserIsNavigatedToALLPRODUCTSPageSuccessfully()">
                <span>And I verify user is navigated to ALL PRODUCTS page successfully</span>
      <div>
        <textarea disabled class="code-block">java.lang.AssertionError: Title not matching expected [Automation Exercise - All Products] but found [Automation Exercise]
	at org.testng.Assert.fail(Assert.java:111)
	at org.testng.Assert.failNotEquals(Assert.java:1578)
	at org.testng.Assert.assertEqualsImpl(Assert.java:150)
	at org.testng.Assert.assertEquals(Assert.java:132)
	at org.testng.Assert.assertEquals(Assert.java:656)
	at com.automationexercise.steps.ProductPageSteps.iVerifyUserIsNavigatedToALLPRODUCTSPageSuccessfully(ProductPageSteps.java:16)
	at ✽.I verify user is navigated to ALL PRODUCTS page successfully(file:///C:/Users/44795/Homework/automationexercise-cucumber/src/test/resources/features/verifyproduct.feature:6)
</textarea>
      
      </div>
              </div>
              <div class="step skip-bg" title="com.automationexercise.steps.ProductPageSteps.theProductsListIsVisible()">
                <span>And The products list is visible</span>
      <div>Step skipped
      </div>
              </div>
              <div class="step skip-bg" title="com.automationexercise.steps.ProductPageSteps.iClickOnViewProductOfFirstProduct()">
                <span>And I click on View product of first product</span>
      <div>Step skipped
      </div>
              </div>
              <div class="step skip-bg" title="com.automationexercise.steps.ProductPageSteps.iLandedToProductDetailsPage()">
                <span>Then I landed to product details page</span>
      <div>Step skipped
      </div>
              </div>
              <div class="step skip-bg" title="com.automationexercise.steps.ProductPageSteps.iVerifyThatDetailDetailIsVisibleProductNameCategoryPriceAvailabilityConditionBrand(java.lang.String)">
                <span>And I verify that detail detail is visible: 'product name, category, price, availability, condition, brand'</span>
      <div>Step skipped
      </div>
              </div>
              <div class="step pass-bg" title="AFTER">
                <span>com.automationexercise.steps.Hooks.tearDown(io.cucumber.java.Scenario)</span>
      <div>Verify All Products and product detail page
          <div class="row mb-3"><div class="col-md-3">
<img data-featherlight='../screenshots/embedded9.png' src="../screenshots/embedded9.png">
    
    </div></div>
</div>
      <div>
      </div>
              </div>
          </div>
        </div>
  </div>
  <div class="card">
    <div class="card-header" role="tab">
      <div class="card-title">
        <div class="node" id="317"><span class="badge log fail-bg mr-2">Fail</span>Search Product</div>
          <div class="status-avatar float-right mr-4">
            <i class="fa fa-paperclip"></i>
          </div>
      </div>
    </div>
        <div class="">
          <div class="card-body">
              <div class="step pass-bg" title="com.automationexercise.steps.HomePageSteps.iVerifyThatHomePageIsVisibleSuccessfully()">
                <span>Given I verify that Home page is visible successfully</span>
      <div>
      </div>
              </div>
              <div class="step pass-bg" title="com.automationexercise.steps.HomePageSteps.iClickOnProductsButton()">
                <span>When I Click on products button</span>
      <div>
      </div>
              </div>
              <div class="step fail-bg" title="com.automationexercise.steps.ProductPageSteps.iVerifyUserIsNavigatedToALLPRODUCTSPageSuccessfully()">
                <span>And I verify user is navigated to ALL PRODUCTS page successfully</span>
      <div>
        <textarea disabled class="code-block">java.lang.AssertionError: Title not matching expected [Automation Exercise - All Products] but found [Automation Exercise]
	at org.testng.Assert.fail(Assert.java:111)
	at org.testng.Assert.failNotEquals(Assert.java:1578)
	at org.testng.Assert.assertEqualsImpl(Assert.java:150)
	at org.testng.Assert.assertEquals(Assert.java:132)
	at org.testng.Assert.assertEquals(Assert.java:656)
	at com.automationexercise.steps.ProductPageSteps.iVerifyUserIsNavigatedToALLPRODUCTSPageSuccessfully(ProductPageSteps.java:16)
	at ✽.I verify user is navigated to ALL PRODUCTS page successfully(file:///C:/Users/44795/Homework/automationexercise-cucumber/src/test/resources/features/verifyproduct.feature:6)
</textarea>
      
      </div>
              </div>
              <div class="step skip-bg" title="com.automationexercise.steps.ProductPageSteps.iEnterProductNameInSearchInputAndClickSearchButton(java.lang.String)">
                <span>When I 'Tshirt' name in search input and click search button</span>
      <div>Step skipped
      </div>
              </div>
              <div class="step skip-bg" title="com.automationexercise.steps.ProductPageSteps.iVerifySEARCHEDPRODUCTSIsVisible()">
                <span>Then I verify SEARCHED PRODUCTS is visible</span>
      <div>Step skipped
      </div>
              </div>
              <div class="step skip-bg" title="com.automationexercise.steps.ProductPageSteps.iVerifyAllTheProductsRelatedToSearchAreVisible()">
                <span>And I Verify all the products related to search are visible</span>
      <div>Step skipped
      </div>
              </div>
              <div class="step pass-bg" title="AFTER">
                <span>com.automationexercise.steps.Hooks.tearDown(io.cucumber.java.Scenario)</span>
      <div>Search Product
          <div class="row mb-3"><div class="col-md-3">
<img data-featherlight='../screenshots/embedded10.png' src="../screenshots/embedded10.png">
    
    </div></div>
</div>
      <div>
      </div>
              </div>
          </div>
        </div>
  </div>
</div>
          </div>
        </li>
      </ul>
    </div>
  </div>
<div class="test-content scrollable">
<div class="test-content-tools">
<ul><li><a class="back-to-test" href="#"><i class="fa fa-arrow-left"></i></a></li></ul>
</div>
<div class="test-content-detail"><div class="detail-body"></div></div>
</div></div>
<div class="test-wrapper row view exception-view attributes-view">
<div class="test-list">
<div class="test-list-tools">
<ul class="tools pull-left"><li><a href=""><span class="font-size-14">Exception</span></a></li></ul>
<ul class="tools text-right"><li><a href="#"><span class="badge badge-primary">3</span></a></li></ul>
</div>
<div class="test-list-wrapper scrollable">
<ul class="test-list-item">
<li class="test-item">
<div class="test-detail">
<span class="meta">
<span class='badge log badge-danger'>2</span>
</span>
<p class="name">org.openqa.selenium.TimeoutException</p>
<p class="duration text-sm">2 tests</p>
</div>
<div class="test-contents d-none">
<div class="info">
<h4>org.openqa.selenium.TimeoutException</h4>
<span status="fail" class='badge log badge-danger'>2 failed</span>
</div>
<table class='table table-sm mt-4'>
<thead>
<tr>
<th class="status-col">Status</th>
<th class="timestamp-col">Timestamp</th>
<th>TestName</th>
</tr>
</thead>
<tbody>
<tr class="tag-test-status" status="fail">
<td><span class="badge log fail-bg">Fail</span></td>
<td>18:18:47 pm</td>
<td>
<a href="#" class="linked" test-id='136' id='141'>And I click on cart button</a>
<div class="">
<span class="badge badge-default">Place Order Test.Place Order: Register while Checkout.And I click on cart button</span>
</div>
</td>
</tr>
<tr class="tag-test-status" status="fail">
<td><span class="badge log fail-bg">Fail</span></td>
<td>18:21:47 pm</td>
<td>
<a href="#" class="linked" test-id='136' id='158'>com.automationexercise.steps.Hooks.tearDown(io.cucumber.java.Scenario)</a>
<div class="">
<span class="badge badge-default">Place Order Test.Place Order: Register while Checkout.com.automationexercise.steps.Hooks.tearDown(io.cucumber.java.Scenario)</span>
</div>
</td>
</tr>
</tbody>
</table>
</div>
</li>
<li class="test-item">
<div class="test-detail">
<span class="meta">
<span class='badge log badge-danger'>5</span>
</span>
<p class="name">java.lang.AssertionError</p>
<p class="duration text-sm">5 tests</p>
</div>
<div class="test-contents d-none">
<div class="info">
<h4>java.lang.AssertionError</h4>
<span status="fail" class='badge log badge-danger'>5 failed</span>
</div>
<table class='table table-sm mt-4'>
<thead>
<tr>
<th class="status-col">Status</th>
<th class="timestamp-col">Timestamp</th>
<th>TestName</th>
</tr>
</thead>
<tbody>
<tr class="tag-test-status" status="fail">
<td><span class="badge log fail-bg">Fail</span></td>
<td>18:16:15 pm</td>
<td>
<a href="#" class="linked" test-id='1' id='39'>And I Click Download Invoice button and verify invoice is downloaded successfully</a>
<div class="">
<span class="badge badge-default">Verify Address And Download Invoice.Download Invoice after purchase order.And I Click Download Invoice button and verify invoice is downloaded successfully</span>
</div>
</td>
</tr>
<tr class="tag-test-status" status="fail">
<td><span class="badge log fail-bg">Fail</span></td>
<td>18:17:29 pm</td>
<td>
<a href="#" class="linked" test-id='83' id='89'>Then I Verify that category page is displayed and confirm text 'WOMEN - TOPS PRODUCTS'</a>
<div class="">
<span class="badge badge-default">View Category And Brand Products.View Category Products.Then I Verify that category page is displayed and confirm text 'WOMEN - TOPS PRODUCTS'</span>
</div>
</td>
</tr>
<tr class="tag-test-status" status="fail">
<td><span class="badge log fail-bg">Fail</span></td>
<td>18:18:37 pm</td>
<td>
<a href="#" class="linked" test-id='117' id='134'>Then verify user is navigated to test cases page successfully</a>
<div class="">
<span class="badge badge-default">HomePage Tabs test.Verify Test Cases Page.Then verify user is navigated to test cases page successfully</span>
</div>
</td>
</tr>
<tr class="tag-test-status" status="fail">
<td><span class="badge log fail-bg">Fail</span></td>
<td>18:29:49 pm</td>
<td>
<a href="#" class="linked" test-id='306' id='311'>And I verify user is navigated to ALL PRODUCTS page successfully</a>
<div class="">
<span class="badge badge-default">Verify Products Test.Verify All Products and product detail page.And I verify user is navigated to ALL PRODUCTS page successfully</span>
</div>
</td>
</tr>
<tr class="tag-test-status" status="fail">
<td><span class="badge log fail-bg">Fail</span></td>
<td>18:30:03 pm</td>
<td>
<a href="#" class="linked" test-id='306' id='321'>And I verify user is navigated to ALL PRODUCTS page successfully</a>
<div class="">
<span class="badge badge-default">Verify Products Test.Search Product.And I verify user is navigated to ALL PRODUCTS page successfully</span>
</div>
</td>
</tr>
</tbody>
</table>
</div>
</li>
<li class="test-item">
<div class="test-detail">
<span class="meta">
<span class='badge log badge-danger'>5</span>
</span>
<p class="name">org.openqa.selenium.NoSuchElementException</p>
<p class="duration text-sm">5 tests</p>
</div>
<div class="test-contents d-none">
<div class="info">
<h4>org.openqa.selenium.NoSuchElementException</h4>
<span status="fail" class='badge log badge-danger'>5 failed</span>
</div>
<table class='table table-sm mt-4'>
<thead>
<tr>
<th class="status-col">Status</th>
<th class="timestamp-col">Timestamp</th>
<th>TestName</th>
</tr>
</thead>
<tbody>
<tr class="tag-test-status" status="fail">
<td><span class="badge log fail-bg">Fail</span></td>
<td>18:25:45 pm</td>
<td>
<a href="#" class="linked" test-id='136' id='185'>And I verify that Logged in as username is visible</a>
<div class="">
<span class="badge badge-default">Place Order Test.Place Order: Login before Checkout.And I verify that Logged in as username is visible</span>
</div>
</td>
</tr>
<tr class="tag-test-status" status="fail">
<td><span class="badge log fail-bg">Fail</span></td>
<td>18:26:33 pm</td>
<td>
<a href="#" class="linked" test-id='207' id='215'>Then I verify that 'ENTER ACCOUNT INFORMATION' is visible</a>
<div class="">
<span class="badge badge-default">Register and Login Test.Register user.Then I verify that 'ENTER ACCOUNT INFORMATION' is visible</span>
</div>
</td>
</tr>
<tr class="tag-test-status" status="fail">
<td><span class="badge log fail-bg">Fail</span></td>
<td>18:27:16 pm</td>
<td>
<a href="#" class="linked" test-id='207' id='243'>Then I verify Logged in as username is visible</a>
<div class="">
<span class="badge badge-default">Register and Login Test.Logout User.Then I verify Logged in as username is visible</span>
</div>
</td>
</tr>
<tr class="tag-test-status" status="fail">
<td><span class="badge log fail-bg">Fail</span></td>
<td>18:27:51 pm</td>
<td>
<a href="#" class="linked" test-id='207' id='254'>Then I verify error Email Address already exist! is visible</a>
<div class="">
<span class="badge badge-default">Register and Login Test.Register User with existing email.Then I verify error Email Address already exist! is visible</span>
</div>
</td>
</tr>
<tr class="tag-test-status" status="fail">
<td><span class="badge log fail-bg">Fail</span></td>
<td>18:28:23 pm</td>
<td>
<a href="#" class="linked" test-id='207' id='263'>Then I verify Logged in as username is visible</a>
<div class="">
<span class="badge badge-default">Register and Login Test.Login User with correct email and password.Then I verify Logged in as username is visible</span>
</div>
</td>
</tr>
</tbody>
</table>
</div>
</li>
</ul>
</div>
</div>
<div class="test-content scrollable">
<div class="test-content-detail">
<div class="detail-body"></div>
</div>
</div>
</div>        </div>
      </div>
    </div>
  </div>
<script src="https://cdn.jsdelivr.net/gh/extent-framework/extent-github-cdn@d6562a79075e061305ccfdb82f01e5e195e2d307/spark/js/spark-script.js"></script>
<script type="text/javascript"></script></body>
</html>